Build output check failed:
    Regex: 'command[- ]line option .* is valid for .* but not for C\+\+'
    Output line: 'cc1plus.exe: warning: command line option '-Wmissing-prototypes' is valid for C/ObjC but not for C++'
Compilation failed:
    source file: 'E:/Program/Linux/Linux_Projects/ARM-DoorLock-Project/build-opencv-4.5.2-Desktop_Qt_5_14_2_MinGW_64_bit-Release/CMakeFiles/CMakeTmp/src.cxx'
    check option: ' -fsigned-char -W -Wall -Werror=return-type -Werror=non-virtual-dtor -Werror=address -Werror=sequence-point -Wformat -Werror=format-security -Wmissing-declarations  -Wmissing-prototypes'
===== BUILD LOG =====
Change Dir: E:/Program/Linux/Linux_Projects/ARM-DoorLock-Project/build-opencv-4.5.2-Desktop_Qt_5_14_2_MinGW_64_bit-Release/CMakeFiles/CMakeTmp

Run Build Command(s):F:/EXE/QT/Tools/mingw730_64/bin/mingw32-make.exe -f Makefile cmTC_b84d4/fast && F:/EXE/QT/Tools/mingw730_64/bin/mingw32-make.exe  -f CMakeFiles\cmTC_b84d4.dir\build.make CMakeFiles/cmTC_b84d4.dir/build
mingw32-make.exe[1]: Entering directory 'E:/Program/Linux/Linux_Projects/ARM-DoorLock-Project/build-opencv-4.5.2-Desktop_Qt_5_14_2_MinGW_64_bit-Release/CMakeFiles/CMakeTmp'
Building CXX object CMakeFiles/cmTC_b84d4.dir/src.cxx.obj
F:\EXE\QT\Tools\mingw730_64\bin\g++.exe   -O3 -DNDEBUG    -fsigned-char -W -Wall -Werror=return-type -Werror=non-virtual-dtor -Werror=address -Werror=sequence-point -Wformat -Werror=format-security -Wmissing-declarations  -Wmissing-prototypes -std=c++11 -o CMakeFiles\cmTC_b84d4.dir\src.cxx.obj -c E:\Program\Linux\Linux_Projects\ARM-DoorLock-Project\build-opencv-4.5.2-Desktop_Qt_5_14_2_MinGW_64_bit-Release\CMakeFiles\CMakeTmp\src.cxx
cc1plus.exe: warning: command line option '-Wmissing-prototypes' is valid for C/ObjC but not for C++
E:\Program\Linux\Linux_Projects\ARM-DoorLock-Project\build-opencv-4.5.2-Desktop_Qt_5_14_2_MinGW_64_bit-Release\CMakeFiles\CMakeTmp\src.cxx:1:0: warning: ignoring #pragma   [-Wunknown-pragmas]
 #pragma
 
Linking CXX executable cmTC_b84d4.exe
F:\EXE\CMake\bin\cmake.exe -E cmake_link_script CMakeFiles\cmTC_b84d4.dir\link.txt --verbose=1
F:\EXE\CMake\bin\cmake.exe -E rm -f CMakeFiles\cmTC_b84d4.dir/objects.a
F:\EXE\QT\Tools\mingw730_64\bin\ar.exe qc CMakeFiles\cmTC_b84d4.dir/objects.a @CMakeFiles\cmTC_b84d4.dir\objects1.rsp
F:\EXE\QT\Tools\mingw730_64\bin\g++.exe -O3 -DNDEBUG -Wl,--whole-archive CMakeFiles\cmTC_b84d4.dir/objects.a -Wl,--no-whole-archive -o cmTC_b84d4.exe -Wl,--out-implib,libcmTC_b84d4.dll.a -Wl,--major-image-version,0,--minor-image-version,0 @CMakeFiles\cmTC_b84d4.dir\linklibs.rsp
mingw32-make.exe[1]: Leaving directory 'E:/Program/Linux/Linux_Projects/ARM-DoorLock-Project/build-opencv-4.5.2-Desktop_Qt_5_14_2_MinGW_64_bit-Release/CMakeFiles/CMakeTmp'


===== END =====

Build output check failed:
    Regex: 'command[- ]line option .* is valid for .* but not for C\+\+'
    Output line: 'cc1plus.exe: warning: command line option '-Wstrict-prototypes' is valid for C/ObjC but not for C++'
Compilation failed:
    source file: 'E:/Program/Linux/Linux_Projects/ARM-DoorLock-Project/build-opencv-4.5.2-Desktop_Qt_5_14_2_MinGW_64_bit-Release/CMakeFiles/CMakeTmp/src.cxx'
    check option: ' -fsigned-char -W -Wall -Werror=return-type -Werror=non-virtual-dtor -Werror=address -Werror=sequence-point -Wformat -Werror=format-security -Wmissing-declarations  -Wstrict-prototypes'
===== BUILD LOG =====
Change Dir: E:/Program/Linux/Linux_Projects/ARM-DoorLock-Project/build-opencv-4.5.2-Desktop_Qt_5_14_2_MinGW_64_bit-Release/CMakeFiles/CMakeTmp

Run Build Command(s):F:/EXE/QT/Tools/mingw730_64/bin/mingw32-make.exe -f Makefile cmTC_2b033/fast && F:/EXE/QT/Tools/mingw730_64/bin/mingw32-make.exe  -f CMakeFiles\cmTC_2b033.dir\build.make CMakeFiles/cmTC_2b033.dir/build
mingw32-make.exe[1]: Entering directory 'E:/Program/Linux/Linux_Projects/ARM-DoorLock-Project/build-opencv-4.5.2-Desktop_Qt_5_14_2_MinGW_64_bit-Release/CMakeFiles/CMakeTmp'
Building CXX object CMakeFiles/cmTC_2b033.dir/src.cxx.obj
F:\EXE\QT\Tools\mingw730_64\bin\g++.exe   -O3 -DNDEBUG    -fsigned-char -W -Wall -Werror=return-type -Werror=non-virtual-dtor -Werror=address -Werror=sequence-point -Wformat -Werror=format-security -Wmissing-declarations  -Wstrict-prototypes -std=c++11 -o CMakeFiles\cmTC_2b033.dir\src.cxx.obj -c E:\Program\Linux\Linux_Projects\ARM-DoorLock-Project\build-opencv-4.5.2-Desktop_Qt_5_14_2_MinGW_64_bit-Release\CMakeFiles\CMakeTmp\src.cxx
cc1plus.exe: warning: command line option '-Wstrict-prototypes' is valid for C/ObjC but not for C++
E:\Program\Linux\Linux_Projects\ARM-DoorLock-Project\build-opencv-4.5.2-Desktop_Qt_5_14_2_MinGW_64_bit-Release\CMakeFiles\CMakeTmp\src.cxx:1:0: warning: ignoring #pragma   [-Wunknown-pragmas]
 #pragma
 
Linking CXX executable cmTC_2b033.exe
F:\EXE\CMake\bin\cmake.exe -E cmake_link_script CMakeFiles\cmTC_2b033.dir\link.txt --verbose=1
F:\EXE\CMake\bin\cmake.exe -E rm -f CMakeFiles\cmTC_2b033.dir/objects.a
F:\EXE\QT\Tools\mingw730_64\bin\ar.exe qc CMakeFiles\cmTC_2b033.dir/objects.a @CMakeFiles\cmTC_2b033.dir\objects1.rsp
F:\EXE\QT\Tools\mingw730_64\bin\g++.exe -O3 -DNDEBUG -Wl,--whole-archive CMakeFiles\cmTC_2b033.dir/objects.a -Wl,--no-whole-archive -o cmTC_2b033.exe -Wl,--out-implib,libcmTC_2b033.dll.a -Wl,--major-image-version,0,--minor-image-version,0 @CMakeFiles\cmTC_2b033.dir\linklibs.rsp
mingw32-make.exe[1]: Leaving directory 'E:/Program/Linux/Linux_Projects/ARM-DoorLock-Project/build-opencv-4.5.2-Desktop_Qt_5_14_2_MinGW_64_bit-Release/CMakeFiles/CMakeTmp'


===== END =====

Build output check failed:
    Regex: 'command[- ]line option .* is valid for .* but not for C'
    Output line: 'cc1.exe: warning: command line option '-Wsign-promo' is valid for C++/ObjC++ but not for C'
Compilation failed:
    source file: 'E:/Program/Linux/Linux_Projects/ARM-DoorLock-Project/build-opencv-4.5.2-Desktop_Qt_5_14_2_MinGW_64_bit-Release/CMakeFiles/CMakeTmp/src.c'
    check option: ' -fsigned-char -W -Wall -Werror=return-type -Werror=non-virtual-dtor -Werror=address -Werror=sequence-point -Wformat -Werror=format-security -Wmissing-declarations -Wmissing-prototypes -Wstrict-prototypes -Wundef -Winit-self -Wpointer-arith -Wshadow  -Wsign-promo'
===== BUILD LOG =====
Change Dir: E:/Program/Linux/Linux_Projects/ARM-DoorLock-Project/build-opencv-4.5.2-Desktop_Qt_5_14_2_MinGW_64_bit-Release/CMakeFiles/CMakeTmp

Run Build Command(s):F:/EXE/QT/Tools/mingw730_64/bin/mingw32-make.exe -f Makefile cmTC_7e3cc/fast && F:/EXE/QT/Tools/mingw730_64/bin/mingw32-make.exe  -f CMakeFiles\cmTC_7e3cc.dir\build.make CMakeFiles/cmTC_7e3cc.dir/build
mingw32-make.exe[1]: Entering directory 'E:/Program/Linux/Linux_Projects/ARM-DoorLock-Project/build-opencv-4.5.2-Desktop_Qt_5_14_2_MinGW_64_bit-Release/CMakeFiles/CMakeTmp'
Building C object CMakeFiles/cmTC_7e3cc.dir/src.c.obj
F:\EXE\QT\Tools\mingw730_64\bin\gcc.exe   -O3 -DNDEBUG    -fsigned-char -W -Wall -Werror=return-type -Werror=non-virtual-dtor -Werror=address -Werror=sequence-point -Wformat -Werror=format-security -Wmissing-declarations -Wmissing-prototypes -Wstrict-prototypes -Wundef -Winit-self -Wpointer-arith -Wshadow  -Wsign-promo -o CMakeFiles\cmTC_7e3cc.dir\src.c.obj -c E:\Program\Linux\Linux_Projects\ARM-DoorLock-Project\build-opencv-4.5.2-Desktop_Qt_5_14_2_MinGW_64_bit-Release\CMakeFiles\CMakeTmp\src.c
cc1.exe: warning: command line option '-Wsign-promo' is valid for C++/ObjC++ but not for C
E:\Program\Linux\Linux_Projects\ARM-DoorLock-Project\build-opencv-4.5.2-Desktop_Qt_5_14_2_MinGW_64_bit-Release\CMakeFiles\CMakeTmp\src.c:1:0: warning: ignoring #pragma   [-Wunknown-pragmas]
 #pragma
 
Linking C executable cmTC_7e3cc.exe
F:\EXE\CMake\bin\cmake.exe -E cmake_link_script CMakeFiles\cmTC_7e3cc.dir\link.txt --verbose=1
F:\EXE\CMake\bin\cmake.exe -E rm -f CMakeFiles\cmTC_7e3cc.dir/objects.a
F:\EXE\QT\Tools\mingw730_64\bin\ar.exe qc CMakeFiles\cmTC_7e3cc.dir/objects.a @CMakeFiles\cmTC_7e3cc.dir\objects1.rsp
F:\EXE\QT\Tools\mingw730_64\bin\gcc.exe -O3 -DNDEBUG -Wl,--whole-archive CMakeFiles\cmTC_7e3cc.dir/objects.a -Wl,--no-whole-archive -o cmTC_7e3cc.exe -Wl,--out-implib,libcmTC_7e3cc.dll.a -Wl,--major-image-version,0,--minor-image-version,0 @CMakeFiles\cmTC_7e3cc.dir\linklibs.rsp
mingw32-make.exe[1]: Leaving directory 'E:/Program/Linux/Linux_Projects/ARM-DoorLock-Project/build-opencv-4.5.2-Desktop_Qt_5_14_2_MinGW_64_bit-Release/CMakeFiles/CMakeTmp'


===== END =====

Build output check failed:
    Regex: 'command[- ]line option .* is valid for .* but not for C'
    Output line: 'cc1.exe: warning: command line option '-Wsuggest-override' is valid for C++/ObjC++ but not for C'
Compilation failed:
    source file: 'E:/Program/Linux/Linux_Projects/ARM-DoorLock-Project/build-opencv-4.5.2-Desktop_Qt_5_14_2_MinGW_64_bit-Release/CMakeFiles/CMakeTmp/src.c'
    check option: ' -fsigned-char -W -Wall -Werror=return-type -Werror=non-virtual-dtor -Werror=address -Werror=sequence-point -Wformat -Werror=format-security -Wmissing-declarations -Wmissing-prototypes -Wstrict-prototypes -Wundef -Winit-self -Wpointer-arith -Wshadow -Wuninitialized  -Wsuggest-override'
===== BUILD LOG =====
Change Dir: E:/Program/Linux/Linux_Projects/ARM-DoorLock-Project/build-opencv-4.5.2-Desktop_Qt_5_14_2_MinGW_64_bit-Release/CMakeFiles/CMakeTmp

Run Build Command(s):F:/EXE/QT/Tools/mingw730_64/bin/mingw32-make.exe -f Makefile cmTC_f6f28/fast && F:/EXE/QT/Tools/mingw730_64/bin/mingw32-make.exe  -f CMakeFiles\cmTC_f6f28.dir\build.make CMakeFiles/cmTC_f6f28.dir/build
mingw32-make.exe[1]: Entering directory 'E:/Program/Linux/Linux_Projects/ARM-DoorLock-Project/build-opencv-4.5.2-Desktop_Qt_5_14_2_MinGW_64_bit-Release/CMakeFiles/CMakeTmp'
Building C object CMakeFiles/cmTC_f6f28.dir/src.c.obj
F:\EXE\QT\Tools\mingw730_64\bin\gcc.exe   -O3 -DNDEBUG    -fsigned-char -W -Wall -Werror=return-type -Werror=non-virtual-dtor -Werror=address -Werror=sequence-point -Wformat -Werror=format-security -Wmissing-declarations -Wmissing-prototypes -Wstrict-prototypes -Wundef -Winit-self -Wpointer-arith -Wshadow -Wuninitialized  -Wsuggest-override -o CMakeFiles\cmTC_f6f28.dir\src.c.obj -c E:\Program\Linux\Linux_Projects\ARM-DoorLock-Project\build-opencv-4.5.2-Desktop_Qt_5_14_2_MinGW_64_bit-Release\CMakeFiles\CMakeTmp\src.c
cc1.exe: warning: command line option '-Wsuggest-override' is valid for C++/ObjC++ but not for C
E:\Program\Linux\Linux_Projects\ARM-DoorLock-Project\build-opencv-4.5.2-Desktop_Qt_5_14_2_MinGW_64_bit-Release\CMakeFiles\CMakeTmp\src.c:1:0: warning: ignoring #pragma   [-Wunknown-pragmas]
 #pragma
 
Linking C executable cmTC_f6f28.exe
F:\EXE\CMake\bin\cmake.exe -E cmake_link_script CMakeFiles\cmTC_f6f28.dir\link.txt --verbose=1
F:\EXE\CMake\bin\cmake.exe -E rm -f CMakeFiles\cmTC_f6f28.dir/objects.a
F:\EXE\QT\Tools\mingw730_64\bin\ar.exe qc CMakeFiles\cmTC_f6f28.dir/objects.a @CMakeFiles\cmTC_f6f28.dir\objects1.rsp
F:\EXE\QT\Tools\mingw730_64\bin\gcc.exe -O3 -DNDEBUG -Wl,--whole-archive CMakeFiles\cmTC_f6f28.dir/objects.a -Wl,--no-whole-archive -o cmTC_f6f28.exe -Wl,--out-implib,libcmTC_f6f28.dll.a -Wl,--major-image-version,0,--minor-image-version,0 @CMakeFiles\cmTC_f6f28.dir\linklibs.rsp
mingw32-make.exe[1]: Leaving directory 'E:/Program/Linux/Linux_Projects/ARM-DoorLock-Project/build-opencv-4.5.2-Desktop_Qt_5_14_2_MinGW_64_bit-Release/CMakeFiles/CMakeTmp'


===== END =====

Build output check failed:
    Regex: 'command[- ]line option .* is valid for .* but not for C'
    Output line: 'cc1.exe: warning: command line option '-Wno-delete-non-virtual-dtor' is valid for C++/ObjC++ but not for C'
Compilation failed:
    source file: 'E:/Program/Linux/Linux_Projects/ARM-DoorLock-Project/build-opencv-4.5.2-Desktop_Qt_5_14_2_MinGW_64_bit-Release/CMakeFiles/CMakeTmp/src.c'
    check option: ' -fsigned-char -W -Wall -Werror=return-type -Werror=non-virtual-dtor -Werror=address -Werror=sequence-point -Wformat -Werror=format-security -Wmissing-declarations -Wmissing-prototypes -Wstrict-prototypes -Wundef -Winit-self -Wpointer-arith -Wshadow -Wuninitialized  -Wno-delete-non-virtual-dtor'
===== BUILD LOG =====
Change Dir: E:/Program/Linux/Linux_Projects/ARM-DoorLock-Project/build-opencv-4.5.2-Desktop_Qt_5_14_2_MinGW_64_bit-Release/CMakeFiles/CMakeTmp

Run Build Command(s):F:/EXE/QT/Tools/mingw730_64/bin/mingw32-make.exe -f Makefile cmTC_16241/fast && F:/EXE/QT/Tools/mingw730_64/bin/mingw32-make.exe  -f CMakeFiles\cmTC_16241.dir\build.make CMakeFiles/cmTC_16241.dir/build
mingw32-make.exe[1]: Entering directory 'E:/Program/Linux/Linux_Projects/ARM-DoorLock-Project/build-opencv-4.5.2-Desktop_Qt_5_14_2_MinGW_64_bit-Release/CMakeFiles/CMakeTmp'
Building C object CMakeFiles/cmTC_16241.dir/src.c.obj
F:\EXE\QT\Tools\mingw730_64\bin\gcc.exe   -O3 -DNDEBUG    -fsigned-char -W -Wall -Werror=return-type -Werror=non-virtual-dtor -Werror=address -Werror=sequence-point -Wformat -Werror=format-security -Wmissing-declarations -Wmissing-prototypes -Wstrict-prototypes -Wundef -Winit-self -Wpointer-arith -Wshadow -Wuninitialized  -Wno-delete-non-virtual-dtor -o CMakeFiles\cmTC_16241.dir\src.c.obj -c E:\Program\Linux\Linux_Projects\ARM-DoorLock-Project\build-opencv-4.5.2-Desktop_Qt_5_14_2_MinGW_64_bit-Release\CMakeFiles\CMakeTmp\src.c
cc1.exe: warning: command line option '-Wno-delete-non-virtual-dtor' is valid for C++/ObjC++ but not for C
E:\Program\Linux\Linux_Projects\ARM-DoorLock-Project\build-opencv-4.5.2-Desktop_Qt_5_14_2_MinGW_64_bit-Release\CMakeFiles\CMakeTmp\src.c:1:0: warning: ignoring #pragma   [-Wunknown-pragmas]
 #pragma
 
Linking C executable cmTC_16241.exe
F:\EXE\CMake\bin\cmake.exe -E cmake_link_script CMakeFiles\cmTC_16241.dir\link.txt --verbose=1
F:\EXE\CMake\bin\cmake.exe -E rm -f CMakeFiles\cmTC_16241.dir/objects.a
F:\EXE\QT\Tools\mingw730_64\bin\ar.exe qc CMakeFiles\cmTC_16241.dir/objects.a @CMakeFiles\cmTC_16241.dir\objects1.rsp
F:\EXE\QT\Tools\mingw730_64\bin\gcc.exe -O3 -DNDEBUG -Wl,--whole-archive CMakeFiles\cmTC_16241.dir/objects.a -Wl,--no-whole-archive -o cmTC_16241.exe -Wl,--out-implib,libcmTC_16241.dll.a -Wl,--major-image-version,0,--minor-image-version,0 @CMakeFiles\cmTC_16241.dir\linklibs.rsp
mingw32-make.exe[1]: Leaving directory 'E:/Program/Linux/Linux_Projects/ARM-DoorLock-Project/build-opencv-4.5.2-Desktop_Qt_5_14_2_MinGW_64_bit-Release/CMakeFiles/CMakeTmp'


===== END =====

Build output check failed:
    Regex: 'unrecognized .*option'
    Output line: 'cc1plus.exe: warning: unrecognized command line option '-Wno-unnamed-type-template-args''
Compilation failed:
    source file: 'E:/Program/Linux/Linux_Projects/ARM-DoorLock-Project/build-opencv-4.5.2-Desktop_Qt_5_14_2_MinGW_64_bit-Release/CMakeFiles/CMakeTmp/src.cxx'
    check option: ' -fsigned-char -W -Wall -Werror=return-type -Werror=non-virtual-dtor -Werror=address -Werror=sequence-point -Wformat -Werror=format-security -Wmissing-declarations -Wundef -Winit-self -Wpointer-arith -Wshadow -Wsign-promo -Wuninitialized -Wsuggest-override -Wno-delete-non-virtual-dtor  -Wno-unnamed-type-template-args'
===== BUILD LOG =====
Change Dir: E:/Program/Linux/Linux_Projects/ARM-DoorLock-Project/build-opencv-4.5.2-Desktop_Qt_5_14_2_MinGW_64_bit-Release/CMakeFiles/CMakeTmp

Run Build Command(s):F:/EXE/QT/Tools/mingw730_64/bin/mingw32-make.exe -f Makefile cmTC_12527/fast && F:/EXE/QT/Tools/mingw730_64/bin/mingw32-make.exe  -f CMakeFiles\cmTC_12527.dir\build.make CMakeFiles/cmTC_12527.dir/build
mingw32-make.exe[1]: Entering directory 'E:/Program/Linux/Linux_Projects/ARM-DoorLock-Project/build-opencv-4.5.2-Desktop_Qt_5_14_2_MinGW_64_bit-Release/CMakeFiles/CMakeTmp'
Building CXX object CMakeFiles/cmTC_12527.dir/src.cxx.obj
F:\EXE\QT\Tools\mingw730_64\bin\g++.exe   -O3 -DNDEBUG    -fsigned-char -W -Wall -Werror=return-type -Werror=non-virtual-dtor -Werror=address -Werror=sequence-point -Wformat -Werror=format-security -Wmissing-declarations -Wundef -Winit-self -Wpointer-arith -Wshadow -Wsign-promo -Wuninitialized -Wsuggest-override -Wno-delete-non-virtual-dtor  -Wno-unnamed-type-template-args -std=c++11 -o CMakeFiles\cmTC_12527.dir\src.cxx.obj -c E:\Program\Linux\Linux_Projects\ARM-DoorLock-Project\build-opencv-4.5.2-Desktop_Qt_5_14_2_MinGW_64_bit-Release\CMakeFiles\CMakeTmp\src.cxx
E:\Program\Linux\Linux_Projects\ARM-DoorLock-Project\build-opencv-4.5.2-Desktop_Qt_5_14_2_MinGW_64_bit-Release\CMakeFiles\CMakeTmp\src.cxx:1:0: warning: ignoring #pragma   [-Wunknown-pragmas]
 #pragma
 
cc1plus.exe: warning: unrecognized command line option '-Wno-unnamed-type-template-args'
Linking CXX executable cmTC_12527.exe
F:\EXE\CMake\bin\cmake.exe -E cmake_link_script CMakeFiles\cmTC_12527.dir\link.txt --verbose=1
F:\EXE\CMake\bin\cmake.exe -E rm -f CMakeFiles\cmTC_12527.dir/objects.a
F:\EXE\QT\Tools\mingw730_64\bin\ar.exe qc CMakeFiles\cmTC_12527.dir/objects.a @CMakeFiles\cmTC_12527.dir\objects1.rsp
F:\EXE\QT\Tools\mingw730_64\bin\g++.exe -O3 -DNDEBUG -Wl,--whole-archive CMakeFiles\cmTC_12527.dir/objects.a -Wl,--no-whole-archive -o cmTC_12527.exe -Wl,--out-implib,libcmTC_12527.dll.a -Wl,--major-image-version,0,--minor-image-version,0 @CMakeFiles\cmTC_12527.dir\linklibs.rsp
mingw32-make.exe[1]: Leaving directory 'E:/Program/Linux/Linux_Projects/ARM-DoorLock-Project/build-opencv-4.5.2-Desktop_Qt_5_14_2_MinGW_64_bit-Release/CMakeFiles/CMakeTmp'


===== END =====

Build output check failed:
    Regex: 'unrecognized .*option'
    Output line: 'cc1.exe: warning: unrecognized command line option '-Wno-unnamed-type-template-args''
Compilation failed:
    source file: 'E:/Program/Linux/Linux_Projects/ARM-DoorLock-Project/build-opencv-4.5.2-Desktop_Qt_5_14_2_MinGW_64_bit-Release/CMakeFiles/CMakeTmp/src.c'
    check option: ' -fsigned-char -W -Wall -Werror=return-type -Werror=non-virtual-dtor -Werror=address -Werror=sequence-point -Wformat -Werror=format-security -Wmissing-declarations -Wmissing-prototypes -Wstrict-prototypes -Wundef -Winit-self -Wpointer-arith -Wshadow -Wuninitialized  -Wno-unnamed-type-template-args'
===== BUILD LOG =====
Change Dir: E:/Program/Linux/Linux_Projects/ARM-DoorLock-Project/build-opencv-4.5.2-Desktop_Qt_5_14_2_MinGW_64_bit-Release/CMakeFiles/CMakeTmp

Run Build Command(s):F:/EXE/QT/Tools/mingw730_64/bin/mingw32-make.exe -f Makefile cmTC_8029c/fast && F:/EXE/QT/Tools/mingw730_64/bin/mingw32-make.exe  -f CMakeFiles\cmTC_8029c.dir\build.make CMakeFiles/cmTC_8029c.dir/build
mingw32-make.exe[1]: Entering directory 'E:/Program/Linux/Linux_Projects/ARM-DoorLock-Project/build-opencv-4.5.2-Desktop_Qt_5_14_2_MinGW_64_bit-Release/CMakeFiles/CMakeTmp'
Building C object CMakeFiles/cmTC_8029c.dir/src.c.obj
F:\EXE\QT\Tools\mingw730_64\bin\gcc.exe   -O3 -DNDEBUG    -fsigned-char -W -Wall -Werror=return-type -Werror=non-virtual-dtor -Werror=address -Werror=sequence-point -Wformat -Werror=format-security -Wmissing-declarations -Wmissing-prototypes -Wstrict-prototypes -Wundef -Winit-self -Wpointer-arith -Wshadow -Wuninitialized  -Wno-unnamed-type-template-args -o CMakeFiles\cmTC_8029c.dir\src.c.obj -c E:\Program\Linux\Linux_Projects\ARM-DoorLock-Project\build-opencv-4.5.2-Desktop_Qt_5_14_2_MinGW_64_bit-Release\CMakeFiles\CMakeTmp\src.c
E:\Program\Linux\Linux_Projects\ARM-DoorLock-Project\build-opencv-4.5.2-Desktop_Qt_5_14_2_MinGW_64_bit-Release\CMakeFiles\CMakeTmp\src.c:1:0: warning: ignoring #pragma   [-Wunknown-pragmas]
 #pragma
 
cc1.exe: warning: unrecognized command line option '-Wno-unnamed-type-template-args'
Linking C executable cmTC_8029c.exe
F:\EXE\CMake\bin\cmake.exe -E cmake_link_script CMakeFiles\cmTC_8029c.dir\link.txt --verbose=1
F:\EXE\CMake\bin\cmake.exe -E rm -f CMakeFiles\cmTC_8029c.dir/objects.a
F:\EXE\QT\Tools\mingw730_64\bin\ar.exe qc CMakeFiles\cmTC_8029c.dir/objects.a @CMakeFiles\cmTC_8029c.dir\objects1.rsp
F:\EXE\QT\Tools\mingw730_64\bin\gcc.exe -O3 -DNDEBUG -Wl,--whole-archive CMakeFiles\cmTC_8029c.dir/objects.a -Wl,--no-whole-archive -o cmTC_8029c.exe -Wl,--out-implib,libcmTC_8029c.dll.a -Wl,--major-image-version,0,--minor-image-version,0 @CMakeFiles\cmTC_8029c.dir\linklibs.rsp
mingw32-make.exe[1]: Leaving directory 'E:/Program/Linux/Linux_Projects/ARM-DoorLock-Project/build-opencv-4.5.2-Desktop_Qt_5_14_2_MinGW_64_bit-Release/CMakeFiles/CMakeTmp'


===== END =====

Compilation failed:
    source file: 'E:/Program/Linux/Linux_Projects/ARM-DoorLock-Project/opencv-4.5.2/cmake/checks/cpu_avx512.cpp'
    check option: ' -mavx512f'
===== BUILD LOG =====
Change Dir: E:/Program/Linux/Linux_Projects/ARM-DoorLock-Project/build-opencv-4.5.2-Desktop_Qt_5_14_2_MinGW_64_bit-Release/CMakeFiles/CMakeTmp

Run Build Command(s):F:/EXE/QT/Tools/mingw730_64/bin/mingw32-make.exe -f Makefile cmTC_0184e/fast && F:/EXE/QT/Tools/mingw730_64/bin/mingw32-make.exe  -f CMakeFiles\cmTC_0184e.dir\build.make CMakeFiles/cmTC_0184e.dir/build
mingw32-make.exe[1]: Entering directory 'E:/Program/Linux/Linux_Projects/ARM-DoorLock-Project/build-opencv-4.5.2-Desktop_Qt_5_14_2_MinGW_64_bit-Release/CMakeFiles/CMakeTmp'
Building CXX object CMakeFiles/cmTC_0184e.dir/cpu_avx512.cpp.obj
F:\EXE\QT\Tools\mingw730_64\bin\g++.exe   -O3 -DNDEBUG    -mavx512f -std=c++11 -o CMakeFiles\cmTC_0184e.dir\cpu_avx512.cpp.obj -c E:\Program\Linux\Linux_Projects\ARM-DoorLock-Project\opencv-4.5.2\cmake\checks\cpu_avx512.cpp
C:\Users\90540\AppData\Local\Temp\ccFg9207.s: Assembler messages:
C:\Users\90540\AppData\Local\Temp\ccFg9207.s:12: Error: invalid register for .seh_savexmm
C:\Users\90540\AppData\Local\Temp\ccFg9207.s:14: Error: invalid register for .seh_savexmm
C:\Users\90540\AppData\Local\Temp\ccFg9207.s:16: Error: invalid register for .seh_savexmm
C:\Users\90540\AppData\Local\Temp\ccFg9207.s:18: Error: invalid register for .seh_savexmm
mingw32-make.exe[1]: *** [CMakeFiles\cmTC_0184e.dir\build.make:77: CMakeFiles/cmTC_0184e.dir/cpu_avx512.cpp.obj] Error 1
mingw32-make.exe[1]: Leaving directory 'E:/Program/Linux/Linux_Projects/ARM-DoorLock-Project/build-opencv-4.5.2-Desktop_Qt_5_14_2_MinGW_64_bit-Release/CMakeFiles/CMakeTmp'
mingw32-make.exe: *** [Makefile:126: cmTC_0184e/fast] Error 2


===== END =====

Compilation failed:
    source file: 'E:/Program/Linux/Linux_Projects/ARM-DoorLock-Project/opencv-4.5.2/cmake/checks/cpu_avx512common.cpp'
    check option: ' -mavx512f -mavx512cd'
===== BUILD LOG =====
Change Dir: E:/Program/Linux/Linux_Projects/ARM-DoorLock-Project/build-opencv-4.5.2-Desktop_Qt_5_14_2_MinGW_64_bit-Release/CMakeFiles/CMakeTmp

Run Build Command(s):F:/EXE/QT/Tools/mingw730_64/bin/mingw32-make.exe -f Makefile cmTC_559a9/fast && F:/EXE/QT/Tools/mingw730_64/bin/mingw32-make.exe  -f CMakeFiles\cmTC_559a9.dir\build.make CMakeFiles/cmTC_559a9.dir/build
mingw32-make.exe[1]: Entering directory 'E:/Program/Linux/Linux_Projects/ARM-DoorLock-Project/build-opencv-4.5.2-Desktop_Qt_5_14_2_MinGW_64_bit-Release/CMakeFiles/CMakeTmp'
Building CXX object CMakeFiles/cmTC_559a9.dir/cpu_avx512common.cpp.obj
F:\EXE\QT\Tools\mingw730_64\bin\g++.exe   -O3 -DNDEBUG    -mavx512f -mavx512cd -std=c++11 -o CMakeFiles\cmTC_559a9.dir\cpu_avx512common.cpp.obj -c E:\Program\Linux\Linux_Projects\ARM-DoorLock-Project\opencv-4.5.2\cmake\checks\cpu_avx512common.cpp
C:\Users\90540\AppData\Local\Temp\ccWm9J8L.s: Assembler messages:
C:\Users\90540\AppData\Local\Temp\ccWm9J8L.s:12: Error: invalid register for .seh_savexmm
C:\Users\90540\AppData\Local\Temp\ccWm9J8L.s:14: Error: invalid register for .seh_savexmm
C:\Users\90540\AppData\Local\Temp\ccWm9J8L.s:16: Error: invalid register for .seh_savexmm
C:\Users\90540\AppData\Local\Temp\ccWm9J8L.s:18: Error: invalid register for .seh_savexmm
mingw32-make.exe[1]: *** [CMakeFiles\cmTC_559a9.dir\build.make:77: CMakeFiles/cmTC_559a9.dir/cpu_avx512common.cpp.obj] Error 1
mingw32-make.exe[1]: Leaving directory 'E:/Program/Linux/Linux_Projects/ARM-DoorLock-Project/build-opencv-4.5.2-Desktop_Qt_5_14_2_MinGW_64_bit-Release/CMakeFiles/CMakeTmp'
mingw32-make.exe: *** [Makefile:126: cmTC_559a9/fast] Error 2


===== END =====

Compilation failed:
    source file: 'E:/Program/Linux/Linux_Projects/ARM-DoorLock-Project/opencv-4.5.2/cmake/checks/cpu_avx512skx.cpp'
    check option: ' -mavx512f -mavx512cd -mavx512vl -mavx512bw -mavx512dq'
===== BUILD LOG =====
Change Dir: E:/Program/Linux/Linux_Projects/ARM-DoorLock-Project/build-opencv-4.5.2-Desktop_Qt_5_14_2_MinGW_64_bit-Release/CMakeFiles/CMakeTmp

Run Build Command(s):F:/EXE/QT/Tools/mingw730_64/bin/mingw32-make.exe -f Makefile cmTC_87bd5/fast && F:/EXE/QT/Tools/mingw730_64/bin/mingw32-make.exe  -f CMakeFiles\cmTC_87bd5.dir\build.make CMakeFiles/cmTC_87bd5.dir/build
mingw32-make.exe[1]: Entering directory 'E:/Program/Linux/Linux_Projects/ARM-DoorLock-Project/build-opencv-4.5.2-Desktop_Qt_5_14_2_MinGW_64_bit-Release/CMakeFiles/CMakeTmp'
Building CXX object CMakeFiles/cmTC_87bd5.dir/cpu_avx512skx.cpp.obj
F:\EXE\QT\Tools\mingw730_64\bin\g++.exe   -O3 -DNDEBUG    -mavx512f -mavx512cd -mavx512vl -mavx512bw -mavx512dq -std=c++11 -o CMakeFiles\cmTC_87bd5.dir\cpu_avx512skx.cpp.obj -c E:\Program\Linux\Linux_Projects\ARM-DoorLock-Project\opencv-4.5.2\cmake\checks\cpu_avx512skx.cpp
C:\Users\90540\AppData\Local\Temp\ccLsCUpx.s: Assembler messages:
C:\Users\90540\AppData\Local\Temp\ccLsCUpx.s:12: Error: invalid register for .seh_savexmm
C:\Users\90540\AppData\Local\Temp\ccLsCUpx.s:14: Error: invalid register for .seh_savexmm
C:\Users\90540\AppData\Local\Temp\ccLsCUpx.s:16: Error: invalid register for .seh_savexmm
C:\Users\90540\AppData\Local\Temp\ccLsCUpx.s:18: Error: invalid register for .seh_savexmm
mingw32-make.exe[1]: *** [CMakeFiles\cmTC_87bd5.dir\build.make:77: CMakeFiles/cmTC_87bd5.dir/cpu_avx512skx.cpp.obj] Error 1
mingw32-make.exe[1]: Leaving directory 'E:/Program/Linux/Linux_Projects/ARM-DoorLock-Project/build-opencv-4.5.2-Desktop_Qt_5_14_2_MinGW_64_bit-Release/CMakeFiles/CMakeTmp'
mingw32-make.exe: *** [Makefile:126: cmTC_87bd5/fast] Error 2


===== END =====

Build output check failed:
    Regex: 'command[- ]line option .* is valid for .* but not for C'
    Output line: 'cc1.exe: warning: command line option '-fvisibility-inlines-hidden' is valid for C++/ObjC++ but not for C'
Compilation failed:
    source file: 'E:/Program/Linux/Linux_Projects/ARM-DoorLock-Project/build-opencv-4.5.2-Desktop_Qt_5_14_2_MinGW_64_bit-Release/CMakeFiles/CMakeTmp/src.c'
    check option: ' -fsigned-char -W -Wall -Werror=return-type -Werror=non-virtual-dtor -Werror=address -Werror=sequence-point -Wformat -Werror=format-security -Wmissing-declarations -Wmissing-prototypes -Wstrict-prototypes -Wundef -Winit-self -Wpointer-arith -Wshadow -Wuninitialized -Wno-comment -Wimplicit-fallthrough=3 -Wno-strict-overflow -fdiagnostics-show-option -Wno-long-long -fomit-frame-pointer -ffunction-sections -fdata-sections  -msse -msse2 -msse3 -fvisibility=hidden  -fvisibility-inlines-hidden'
===== BUILD LOG =====
Change Dir: E:/Program/Linux/Linux_Projects/ARM-DoorLock-Project/build-opencv-4.5.2-Desktop_Qt_5_14_2_MinGW_64_bit-Release/CMakeFiles/CMakeTmp

Run Build Command(s):F:/EXE/QT/Tools/mingw730_64/bin/mingw32-make.exe -f Makefile cmTC_cddf9/fast && F:/EXE/QT/Tools/mingw730_64/bin/mingw32-make.exe  -f CMakeFiles\cmTC_cddf9.dir\build.make CMakeFiles/cmTC_cddf9.dir/build
mingw32-make.exe[1]: Entering directory 'E:/Program/Linux/Linux_Projects/ARM-DoorLock-Project/build-opencv-4.5.2-Desktop_Qt_5_14_2_MinGW_64_bit-Release/CMakeFiles/CMakeTmp'
Building C object CMakeFiles/cmTC_cddf9.dir/src.c.obj
F:\EXE\QT\Tools\mingw730_64\bin\gcc.exe   -O3 -DNDEBUG    -fsigned-char -W -Wall -Werror=return-type -Werror=non-virtual-dtor -Werror=address -Werror=sequence-point -Wformat -Werror=format-security -Wmissing-declarations -Wmissing-prototypes -Wstrict-prototypes -Wundef -Winit-self -Wpointer-arith -Wshadow -Wuninitialized -Wno-comment -Wimplicit-fallthrough=3 -Wno-strict-overflow -fdiagnostics-show-option -Wno-long-long -fomit-frame-pointer -ffunction-sections -fdata-sections  -msse -msse2 -msse3 -fvisibility=hidden  -fvisibility-inlines-hidden -o CMakeFiles\cmTC_cddf9.dir\src.c.obj -c E:\Program\Linux\Linux_Projects\ARM-DoorLock-Project\build-opencv-4.5.2-Desktop_Qt_5_14_2_MinGW_64_bit-Release\CMakeFiles\CMakeTmp\src.c
cc1.exe: warning: command line option '-fvisibility-inlines-hidden' is valid for C++/ObjC++ but not for C
E:\Program\Linux\Linux_Projects\ARM-DoorLock-Project\build-opencv-4.5.2-Desktop_Qt_5_14_2_MinGW_64_bit-Release\CMakeFiles\CMakeTmp\src.c:1:0: warning: ignoring #pragma   [-Wunknown-pragmas]
 #pragma
 
Linking C executable cmTC_cddf9.exe
F:\EXE\CMake\bin\cmake.exe -E cmake_link_script CMakeFiles\cmTC_cddf9.dir\link.txt --verbose=1
F:\EXE\CMake\bin\cmake.exe -E rm -f CMakeFiles\cmTC_cddf9.dir/objects.a
F:\EXE\QT\Tools\mingw730_64\bin\ar.exe qc CMakeFiles\cmTC_cddf9.dir/objects.a @CMakeFiles\cmTC_cddf9.dir\objects1.rsp
F:\EXE\QT\Tools\mingw730_64\bin\gcc.exe -O3 -DNDEBUG -Wl,--whole-archive CMakeFiles\cmTC_cddf9.dir/objects.a -Wl,--no-whole-archive -o cmTC_cddf9.exe -Wl,--out-implib,libcmTC_cddf9.dll.a -Wl,--major-image-version,0,--minor-image-version,0 @CMakeFiles\cmTC_cddf9.dir\linklibs.rsp
mingw32-make.exe[1]: Leaving directory 'E:/Program/Linux/Linux_Projects/ARM-DoorLock-Project/build-opencv-4.5.2-Desktop_Qt_5_14_2_MinGW_64_bit-Release/CMakeFiles/CMakeTmp'


===== END =====

Build output check failed:
    Regex: 'unrecognized .*option'
    Output line: 'cc1.exe: warning: unrecognized command line option '-Wno-shorten-64-to-32''
Compilation failed:
    source file: 'E:/Program/Linux/Linux_Projects/ARM-DoorLock-Project/build-opencv-4.5.2-Desktop_Qt_5_14_2_MinGW_64_bit-Release/CMakeFiles/CMakeTmp/src.c'
    check option: ' -Wno-shorten-64-to-32'
===== BUILD LOG =====
Change Dir: E:/Program/Linux/Linux_Projects/ARM-DoorLock-Project/build-opencv-4.5.2-Desktop_Qt_5_14_2_MinGW_64_bit-Release/CMakeFiles/CMakeTmp

Run Build Command(s):F:/EXE/QT/Tools/mingw730_64/bin/mingw32-make.exe -f Makefile cmTC_8e4d1/fast && F:/EXE/QT/Tools/mingw730_64/bin/mingw32-make.exe  -f CMakeFiles\cmTC_8e4d1.dir\build.make CMakeFiles/cmTC_8e4d1.dir/build
mingw32-make.exe[1]: Entering directory 'E:/Program/Linux/Linux_Projects/ARM-DoorLock-Project/build-opencv-4.5.2-Desktop_Qt_5_14_2_MinGW_64_bit-Release/CMakeFiles/CMakeTmp'
Building C object CMakeFiles/cmTC_8e4d1.dir/src.c.obj
F:\EXE\QT\Tools\mingw730_64\bin\gcc.exe   -fsigned-char -W -Wall -Werror=return-type -Werror=non-virtual-dtor -Werror=address -Werror=sequence-point -Wformat -Werror=format-security -Wmissing-declarations -Wmissing-prototypes -Wstrict-prototypes -Wundef -Winit-self -Wpointer-arith -Wshadow -Wuninitialized -Wno-comment -Wimplicit-fallthrough=3 -Wno-strict-overflow -fdiagnostics-show-option -Wno-long-long -fomit-frame-pointer -ffunction-sections -fdata-sections  -msse -msse2 -msse3 -fvisibility=hidden  -O3 -DNDEBUG  -DNDEBUG    -Wno-shorten-64-to-32 -o CMakeFiles\cmTC_8e4d1.dir\src.c.obj -c E:\Program\Linux\Linux_Projects\ARM-DoorLock-Project\build-opencv-4.5.2-Desktop_Qt_5_14_2_MinGW_64_bit-Release\CMakeFiles\CMakeTmp\src.c
E:\Program\Linux\Linux_Projects\ARM-DoorLock-Project\build-opencv-4.5.2-Desktop_Qt_5_14_2_MinGW_64_bit-Release\CMakeFiles\CMakeTmp\src.c:1:0: warning: ignoring #pragma   [-Wunknown-pragmas]
 #pragma
 
cc1.exe: warning: unrecognized command line option '-Wno-shorten-64-to-32'
Linking C executable cmTC_8e4d1.exe
F:\EXE\CMake\bin\cmake.exe -E cmake_link_script CMakeFiles\cmTC_8e4d1.dir\link.txt --verbose=1
F:\EXE\CMake\bin\cmake.exe -E rm -f CMakeFiles\cmTC_8e4d1.dir/objects.a
F:\EXE\QT\Tools\mingw730_64\bin\ar.exe qc CMakeFiles\cmTC_8e4d1.dir/objects.a @CMakeFiles\cmTC_8e4d1.dir\objects1.rsp
F:\EXE\QT\Tools\mingw730_64\bin\gcc.exe    -fsigned-char -W -Wall -Werror=return-type -Werror=non-virtual-dtor -Werror=address -Werror=sequence-point -Wformat -Werror=format-security -Wmissing-declarations -Wmissing-prototypes -Wstrict-prototypes -Wundef -Winit-self -Wpointer-arith -Wshadow -Wuninitialized -Wno-comment -Wimplicit-fallthrough=3 -Wno-strict-overflow -fdiagnostics-show-option -Wno-long-long -fomit-frame-pointer -ffunction-sections -fdata-sections  -msse -msse2 -msse3 -fvisibility=hidden  -O3 -DNDEBUG  -DNDEBUG   -Wl,--gc-sections  -Wl,--whole-archive CMakeFiles\cmTC_8e4d1.dir/objects.a -Wl,--no-whole-archive -o cmTC_8e4d1.exe -Wl,--out-implib,libcmTC_8e4d1.dll.a -Wl,--major-image-version,0,--minor-image-version,0 @CMakeFiles\cmTC_8e4d1.dir\linklibs.rsp
mingw32-make.exe[1]: Leaving directory 'E:/Program/Linux/Linux_Projects/ARM-DoorLock-Project/build-opencv-4.5.2-Desktop_Qt_5_14_2_MinGW_64_bit-Release/CMakeFiles/CMakeTmp'


===== END =====

Determining if the include file dlfcn.h exists failed with the following output:
Change Dir: E:/Program/Linux/Linux_Projects/ARM-DoorLock-Project/build-opencv-4.5.2-Desktop_Qt_5_14_2_MinGW_64_bit-Release/CMakeFiles/CMakeTmp

Run Build Command(s):F:/EXE/QT/Tools/mingw730_64/bin/mingw32-make.exe -f Makefile cmTC_abf90/fast && F:/EXE/QT/Tools/mingw730_64/bin/mingw32-make.exe  -f CMakeFiles\cmTC_abf90.dir\build.make CMakeFiles/cmTC_abf90.dir/build
mingw32-make.exe[1]: Entering directory 'E:/Program/Linux/Linux_Projects/ARM-DoorLock-Project/build-opencv-4.5.2-Desktop_Qt_5_14_2_MinGW_64_bit-Release/CMakeFiles/CMakeTmp'
Building C object CMakeFiles/cmTC_abf90.dir/CheckIncludeFile.c.obj
F:\EXE\QT\Tools\mingw730_64\bin\gcc.exe   -fsigned-char -W -Wall -Werror=return-type -Werror=non-virtual-dtor -Werror=address -Werror=sequence-point -Wformat -Werror=format-security -Wmissing-declarations -Wmissing-prototypes -Wstrict-prototypes -Wundef -Winit-self -Wpointer-arith -Wshadow -Wuninitialized -Wno-comment -Wimplicit-fallthrough=3 -Wno-strict-overflow -fdiagnostics-show-option -Wno-long-long -fomit-frame-pointer -ffunction-sections -fdata-sections  -msse -msse2 -msse3 -fvisibility=hidden  -O3 -DNDEBUG  -DNDEBUG -o CMakeFiles\cmTC_abf90.dir\CheckIncludeFile.c.obj -c E:\Program\Linux\Linux_Projects\ARM-DoorLock-Project\build-opencv-4.5.2-Desktop_Qt_5_14_2_MinGW_64_bit-Release\CMakeFiles\CMakeTmp\CheckIncludeFile.c
E:\Program\Linux\Linux_Projects\ARM-DoorLock-Project\build-opencv-4.5.2-Desktop_Qt_5_14_2_MinGW_64_bit-Release\CMakeFiles\CMakeTmp\CheckIncludeFile.c:1:10: fatal error: dlfcn.h: No such file or directory
 #include <dlfcn.h>
          ^~~~~~~~~
compilation terminated.
mingw32-make.exe[1]: *** [CMakeFiles\cmTC_abf90.dir\build.make:77: CMakeFiles/cmTC_abf90.dir/CheckIncludeFile.c.obj] Error 1
mingw32-make.exe[1]: Leaving directory 'E:/Program/Linux/Linux_Projects/ARM-DoorLock-Project/build-opencv-4.5.2-Desktop_Qt_5_14_2_MinGW_64_bit-Release/CMakeFiles/CMakeTmp'
mingw32-make.exe: *** [Makefile:126: cmTC_abf90/fast] Error 2



Determining size of INT8 failed with the following output:
Change Dir: E:/Program/Linux/Linux_Projects/ARM-DoorLock-Project/build-opencv-4.5.2-Desktop_Qt_5_14_2_MinGW_64_bit-Release/CMakeFiles/CMakeTmp

Run Build Command(s):F:/EXE/QT/Tools/mingw730_64/bin/mingw32-make.exe -f Makefile cmTC_d4615/fast && F:/EXE/QT/Tools/mingw730_64/bin/mingw32-make.exe  -f CMakeFiles\cmTC_d4615.dir\build.make CMakeFiles/cmTC_d4615.dir/build
mingw32-make.exe[1]: Entering directory 'E:/Program/Linux/Linux_Projects/ARM-DoorLock-Project/build-opencv-4.5.2-Desktop_Qt_5_14_2_MinGW_64_bit-Release/CMakeFiles/CMakeTmp'
Building C object CMakeFiles/cmTC_d4615.dir/int8.c.obj
F:\EXE\QT\Tools\mingw730_64\bin\gcc.exe   -fsigned-char -W -Wall -Werror=return-type -Werror=non-virtual-dtor -Werror=address -Werror=sequence-point -Wformat -Werror=format-security -Wmissing-declarations -Wmissing-prototypes -Wstrict-prototypes -Wundef -Winit-self -Wpointer-arith -Wshadow -Wuninitialized -Wno-comment -Wimplicit-fallthrough=3 -Wno-strict-overflow -fdiagnostics-show-option -Wno-long-long -fomit-frame-pointer -ffunction-sections -fdata-sections  -msse -msse2 -msse3 -fvisibility=hidden  -O3 -DNDEBUG  -DNDEBUG -o CMakeFiles\cmTC_d4615.dir\int8.c.obj -c E:\Program\Linux\Linux_Projects\ARM-DoorLock-Project\build-opencv-4.5.2-Desktop_Qt_5_14_2_MinGW_64_bit-Release\CMakeFiles\CheckTypeSize\int8.c
E:\Program\Linux\Linux_Projects\ARM-DoorLock-Project\build-opencv-4.5.2-Desktop_Qt_5_14_2_MinGW_64_bit-Release\CMakeFiles\CheckTypeSize\int8.c:27:22: error: 'INT8' undeclared here (not in a function); did you mean 'INT8_C'?
 #define SIZE (sizeof(INT8))
                      ^
E:\Program\Linux\Linux_Projects\ARM-DoorLock-Project\build-opencv-4.5.2-Desktop_Qt_5_14_2_MinGW_64_bit-Release\CMakeFiles\CheckTypeSize\int8.c:29:12: note: in expansion of macro 'SIZE'
   ('0' + ((SIZE / 10000)%10)),
            ^~~~
mingw32-make.exe[1]: *** [CMakeFiles\cmTC_d4615.dir\build.make:77: CMakeFiles/cmTC_d4615.dir/int8.c.obj] Error 1
mingw32-make.exe[1]: Leaving directory 'E:/Program/Linux/Linux_Projects/ARM-DoorLock-Project/build-opencv-4.5.2-Desktop_Qt_5_14_2_MinGW_64_bit-Release/CMakeFiles/CMakeTmp'
mingw32-make.exe: *** [Makefile:126: cmTC_d4615/fast] Error 2


E:/Program/Linux/Linux_Projects/ARM-DoorLock-Project/build-opencv-4.5.2-Desktop_Qt_5_14_2_MinGW_64_bit-Release/CMakeFiles/CheckTypeSize/int8.c:
#include <sys/types.h>
#include <stdint.h>
#include <stddef.h>


#undef KEY
#if defined(__i386)
# define KEY '_','_','i','3','8','6'
#elif defined(__x86_64)
# define KEY '_','_','x','8','6','_','6','4'
#elif defined(__PPC64__)
# define KEY '_','_','P','P','C','6','4','_','_'
#elif defined(__ppc64__)
# define KEY '_','_','p','p','c','6','4','_','_'
#elif defined(__PPC__)
# define KEY '_','_','P','P','C','_','_'
#elif defined(__ppc__)
# define KEY '_','_','p','p','c','_','_'
#elif defined(__aarch64__)
# define KEY '_','_','a','a','r','c','h','6','4','_','_'
#elif defined(__ARM_ARCH_7A__)
# define KEY '_','_','A','R','M','_','A','R','C','H','_','7','A','_','_'
#elif defined(__ARM_ARCH_7S__)
# define KEY '_','_','A','R','M','_','A','R','C','H','_','7','S','_','_'
#endif

#define SIZE (sizeof(INT8))
static char info_size[] =  {'I', 'N', 'F', 'O', ':', 's','i','z','e','[',
  ('0' + ((SIZE / 10000)%10)),
  ('0' + ((SIZE / 1000)%10)),
  ('0' + ((SIZE / 100)%10)),
  ('0' + ((SIZE / 10)%10)),
  ('0' +  (SIZE    % 10)),
  ']',
#ifdef KEY
  ' ','k','e','y','[', KEY, ']',
#endif
  '\0'};

#ifdef __CLASSIC_C__
int main(argc, argv) int argc; char *argv[];
#else
int main(int argc, char *argv[])
#endif
{
  int require = 0;
  require += info_size[argc];
  (void)argv;
  return require;
}


Determining size of INT16 failed with the following output:
Change Dir: E:/Program/Linux/Linux_Projects/ARM-DoorLock-Project/build-opencv-4.5.2-Desktop_Qt_5_14_2_MinGW_64_bit-Release/CMakeFiles/CMakeTmp

Run Build Command(s):F:/EXE/QT/Tools/mingw730_64/bin/mingw32-make.exe -f Makefile cmTC_4711f/fast && F:/EXE/QT/Tools/mingw730_64/bin/mingw32-make.exe  -f CMakeFiles\cmTC_4711f.dir\build.make CMakeFiles/cmTC_4711f.dir/build
mingw32-make.exe[1]: Entering directory 'E:/Program/Linux/Linux_Projects/ARM-DoorLock-Project/build-opencv-4.5.2-Desktop_Qt_5_14_2_MinGW_64_bit-Release/CMakeFiles/CMakeTmp'
Building C object CMakeFiles/cmTC_4711f.dir/int16.c.obj
F:\EXE\QT\Tools\mingw730_64\bin\gcc.exe   -fsigned-char -W -Wall -Werror=return-type -Werror=non-virtual-dtor -Werror=address -Werror=sequence-point -Wformat -Werror=format-security -Wmissing-declarations -Wmissing-prototypes -Wstrict-prototypes -Wundef -Winit-self -Wpointer-arith -Wshadow -Wuninitialized -Wno-comment -Wimplicit-fallthrough=3 -Wno-strict-overflow -fdiagnostics-show-option -Wno-long-long -fomit-frame-pointer -ffunction-sections -fdata-sections  -msse -msse2 -msse3 -fvisibility=hidden  -O3 -DNDEBUG  -DNDEBUG -o CMakeFiles\cmTC_4711f.dir\int16.c.obj -c E:\Program\Linux\Linux_Projects\ARM-DoorLock-Project\build-opencv-4.5.2-Desktop_Qt_5_14_2_MinGW_64_bit-Release\CMakeFiles\CheckTypeSize\int16.c
E:\Program\Linux\Linux_Projects\ARM-DoorLock-Project\build-opencv-4.5.2-Desktop_Qt_5_14_2_MinGW_64_bit-Release\CMakeFiles\CheckTypeSize\int16.c:27:22: error: 'INT16' undeclared here (not in a function); did you mean 'INT16_C'?
 #define SIZE (sizeof(INT16))
                      ^
E:\Program\Linux\Linux_Projects\ARM-DoorLock-Project\build-opencv-4.5.2-Desktop_Qt_5_14_2_MinGW_64_bit-Release\CMakeFiles\CheckTypeSize\int16.c:29:12: note: in expansion of macro 'SIZE'
   ('0' + ((SIZE / 10000)%10)),
            ^~~~
mingw32-make.exe[1]: *** [CMakeFiles\cmTC_4711f.dir\build.make:77: CMakeFiles/cmTC_4711f.dir/int16.c.obj] Error 1
mingw32-make.exe[1]: Leaving directory 'E:/Program/Linux/Linux_Projects/ARM-DoorLock-Project/build-opencv-4.5.2-Desktop_Qt_5_14_2_MinGW_64_bit-Release/CMakeFiles/CMakeTmp'
mingw32-make.exe: *** [Makefile:126: cmTC_4711f/fast] Error 2


E:/Program/Linux/Linux_Projects/ARM-DoorLock-Project/build-opencv-4.5.2-Desktop_Qt_5_14_2_MinGW_64_bit-Release/CMakeFiles/CheckTypeSize/int16.c:
#include <sys/types.h>
#include <stdint.h>
#include <stddef.h>


#undef KEY
#if defined(__i386)
# define KEY '_','_','i','3','8','6'
#elif defined(__x86_64)
# define KEY '_','_','x','8','6','_','6','4'
#elif defined(__PPC64__)
# define KEY '_','_','P','P','C','6','4','_','_'
#elif defined(__ppc64__)
# define KEY '_','_','p','p','c','6','4','_','_'
#elif defined(__PPC__)
# define KEY '_','_','P','P','C','_','_'
#elif defined(__ppc__)
# define KEY '_','_','p','p','c','_','_'
#elif defined(__aarch64__)
# define KEY '_','_','a','a','r','c','h','6','4','_','_'
#elif defined(__ARM_ARCH_7A__)
# define KEY '_','_','A','R','M','_','A','R','C','H','_','7','A','_','_'
#elif defined(__ARM_ARCH_7S__)
# define KEY '_','_','A','R','M','_','A','R','C','H','_','7','S','_','_'
#endif

#define SIZE (sizeof(INT16))
static char info_size[] =  {'I', 'N', 'F', 'O', ':', 's','i','z','e','[',
  ('0' + ((SIZE / 10000)%10)),
  ('0' + ((SIZE / 1000)%10)),
  ('0' + ((SIZE / 100)%10)),
  ('0' + ((SIZE / 10)%10)),
  ('0' +  (SIZE    % 10)),
  ']',
#ifdef KEY
  ' ','k','e','y','[', KEY, ']',
#endif
  '\0'};

#ifdef __CLASSIC_C__
int main(argc, argv) int argc; char *argv[];
#else
int main(int argc, char *argv[])
#endif
{
  int require = 0;
  require += info_size[argc];
  (void)argv;
  return require;
}


Determining size of INT32 failed with the following output:
Change Dir: E:/Program/Linux/Linux_Projects/ARM-DoorLock-Project/build-opencv-4.5.2-Desktop_Qt_5_14_2_MinGW_64_bit-Release/CMakeFiles/CMakeTmp

Run Build Command(s):F:/EXE/QT/Tools/mingw730_64/bin/mingw32-make.exe -f Makefile cmTC_4d931/fast && F:/EXE/QT/Tools/mingw730_64/bin/mingw32-make.exe  -f CMakeFiles\cmTC_4d931.dir\build.make CMakeFiles/cmTC_4d931.dir/build
mingw32-make.exe[1]: Entering directory 'E:/Program/Linux/Linux_Projects/ARM-DoorLock-Project/build-opencv-4.5.2-Desktop_Qt_5_14_2_MinGW_64_bit-Release/CMakeFiles/CMakeTmp'
Building C object CMakeFiles/cmTC_4d931.dir/int32.c.obj
F:\EXE\QT\Tools\mingw730_64\bin\gcc.exe   -fsigned-char -W -Wall -Werror=return-type -Werror=non-virtual-dtor -Werror=address -Werror=sequence-point -Wformat -Werror=format-security -Wmissing-declarations -Wmissing-prototypes -Wstrict-prototypes -Wundef -Winit-self -Wpointer-arith -Wshadow -Wuninitialized -Wno-comment -Wimplicit-fallthrough=3 -Wno-strict-overflow -fdiagnostics-show-option -Wno-long-long -fomit-frame-pointer -ffunction-sections -fdata-sections  -msse -msse2 -msse3 -fvisibility=hidden  -O3 -DNDEBUG  -DNDEBUG -o CMakeFiles\cmTC_4d931.dir\int32.c.obj -c E:\Program\Linux\Linux_Projects\ARM-DoorLock-Project\build-opencv-4.5.2-Desktop_Qt_5_14_2_MinGW_64_bit-Release\CMakeFiles\CheckTypeSize\int32.c
E:\Program\Linux\Linux_Projects\ARM-DoorLock-Project\build-opencv-4.5.2-Desktop_Qt_5_14_2_MinGW_64_bit-Release\CMakeFiles\CheckTypeSize\int32.c:27:22: error: 'INT32' undeclared here (not in a function); did you mean 'INT32_C'?
 #define SIZE (sizeof(INT32))
                      ^
E:\Program\Linux\Linux_Projects\ARM-DoorLock-Project\build-opencv-4.5.2-Desktop_Qt_5_14_2_MinGW_64_bit-Release\CMakeFiles\CheckTypeSize\int32.c:29:12: note: in expansion of macro 'SIZE'
   ('0' + ((SIZE / 10000)%10)),
            ^~~~
mingw32-make.exe[1]: *** [CMakeFiles\cmTC_4d931.dir\build.make:77: CMakeFiles/cmTC_4d931.dir/int32.c.obj] Error 1
mingw32-make.exe[1]: Leaving directory 'E:/Program/Linux/Linux_Projects/ARM-DoorLock-Project/build-opencv-4.5.2-Desktop_Qt_5_14_2_MinGW_64_bit-Release/CMakeFiles/CMakeTmp'
mingw32-make.exe: *** [Makefile:126: cmTC_4d931/fast] Error 2


E:/Program/Linux/Linux_Projects/ARM-DoorLock-Project/build-opencv-4.5.2-Desktop_Qt_5_14_2_MinGW_64_bit-Release/CMakeFiles/CheckTypeSize/int32.c:
#include <sys/types.h>
#include <stdint.h>
#include <stddef.h>


#undef KEY
#if defined(__i386)
# define KEY '_','_','i','3','8','6'
#elif defined(__x86_64)
# define KEY '_','_','x','8','6','_','6','4'
#elif defined(__PPC64__)
# define KEY '_','_','P','P','C','6','4','_','_'
#elif defined(__ppc64__)
# define KEY '_','_','p','p','c','6','4','_','_'
#elif defined(__PPC__)
# define KEY '_','_','P','P','C','_','_'
#elif defined(__ppc__)
# define KEY '_','_','p','p','c','_','_'
#elif defined(__aarch64__)
# define KEY '_','_','a','a','r','c','h','6','4','_','_'
#elif defined(__ARM_ARCH_7A__)
# define KEY '_','_','A','R','M','_','A','R','C','H','_','7','A','_','_'
#elif defined(__ARM_ARCH_7S__)
# define KEY '_','_','A','R','M','_','A','R','C','H','_','7','S','_','_'
#endif

#define SIZE (sizeof(INT32))
static char info_size[] =  {'I', 'N', 'F', 'O', ':', 's','i','z','e','[',
  ('0' + ((SIZE / 10000)%10)),
  ('0' + ((SIZE / 1000)%10)),
  ('0' + ((SIZE / 100)%10)),
  ('0' + ((SIZE / 10)%10)),
  ('0' +  (SIZE    % 10)),
  ']',
#ifdef KEY
  ' ','k','e','y','[', KEY, ']',
#endif
  '\0'};

#ifdef __CLASSIC_C__
int main(argc, argv) int argc; char *argv[];
#else
int main(int argc, char *argv[])
#endif
{
  int require = 0;
  require += info_size[argc];
  (void)argv;
  return require;
}


Determining if the function mmap exists failed with the following output:
Change Dir: E:/Program/Linux/Linux_Projects/ARM-DoorLock-Project/build-opencv-4.5.2-Desktop_Qt_5_14_2_MinGW_64_bit-Release/CMakeFiles/CMakeTmp

Run Build Command(s):F:/EXE/QT/Tools/mingw730_64/bin/mingw32-make.exe -f Makefile cmTC_ac170/fast && F:/EXE/QT/Tools/mingw730_64/bin/mingw32-make.exe  -f CMakeFiles\cmTC_ac170.dir\build.make CMakeFiles/cmTC_ac170.dir/build
mingw32-make.exe[1]: Entering directory 'E:/Program/Linux/Linux_Projects/ARM-DoorLock-Project/build-opencv-4.5.2-Desktop_Qt_5_14_2_MinGW_64_bit-Release/CMakeFiles/CMakeTmp'
Building C object CMakeFiles/cmTC_ac170.dir/CheckFunctionExists.c.obj
F:\EXE\QT\Tools\mingw730_64\bin\gcc.exe   -fsigned-char -W -Wall -Werror=return-type -Werror=non-virtual-dtor -Werror=address -Werror=sequence-point -Wformat -Werror=format-security -Wmissing-declarations -Wmissing-prototypes -Wstrict-prototypes -Wundef -Winit-self -Wpointer-arith -Wshadow -Wuninitialized -Wno-comment -Wimplicit-fallthrough=3 -Wno-strict-overflow -fdiagnostics-show-option -Wno-long-long -fomit-frame-pointer -ffunction-sections -fdata-sections  -msse -msse2 -msse3 -fvisibility=hidden -DCHECK_FUNCTION_EXISTS=mmap -O3 -DNDEBUG  -DNDEBUG -o CMakeFiles\cmTC_ac170.dir\CheckFunctionExists.c.obj -c F:\EXE\CMake\share\cmake-3.24\Modules\CheckFunctionExists.c
Linking C executable cmTC_ac170.exe
F:\EXE\CMake\bin\cmake.exe -E cmake_link_script CMakeFiles\cmTC_ac170.dir\link.txt --verbose=1
F:\EXE\CMake\bin\cmake.exe -E rm -f CMakeFiles\cmTC_ac170.dir/objects.a
F:\EXE\QT\Tools\mingw730_64\bin\ar.exe qc CMakeFiles\cmTC_ac170.dir/objects.a @CMakeFiles\cmTC_ac170.dir\objects1.rsp
F:\EXE\QT\Tools\mingw730_64\bin\gcc.exe    -fsigned-char -W -Wall -Werror=return-type -Werror=non-virtual-dtor -Werror=address -Werror=sequence-point -Wformat -Werror=format-security -Wmissing-declarations -Wmissing-prototypes -Wstrict-prototypes -Wundef -Winit-self -Wpointer-arith -Wshadow -Wuninitialized -Wno-comment -Wimplicit-fallthrough=3 -Wno-strict-overflow -fdiagnostics-show-option -Wno-long-long -fomit-frame-pointer -ffunction-sections -fdata-sections  -msse -msse2 -msse3 -fvisibility=hidden -DCHECK_FUNCTION_EXISTS=mmap -O3 -DNDEBUG  -DNDEBUG   -Wl,--gc-sections  -Wl,--whole-archive CMakeFiles\cmTC_ac170.dir/objects.a -Wl,--no-whole-archive -o cmTC_ac170.exe -Wl,--out-implib,libcmTC_ac170.dll.a -Wl,--major-image-version,0,--minor-image-version,0 @CMakeFiles\cmTC_ac170.dir\linklibs.rsp
CMakeFiles\cmTC_ac170.dir/objects.a(CheckFunctionExists.c.obj):CheckFunctionExists.c:(.text.startup.main+0x11): undefined reference to `mmap'
collect2.exe: error: ld returned 1 exit status
mingw32-make.exe[1]: *** [CMakeFiles\cmTC_ac170.dir\build.make:100: cmTC_ac170.exe] Error 1
mingw32-make.exe[1]: Leaving directory 'E:/Program/Linux/Linux_Projects/ARM-DoorLock-Project/build-opencv-4.5.2-Desktop_Qt_5_14_2_MinGW_64_bit-Release/CMakeFiles/CMakeTmp'
mingw32-make.exe: *** [Makefile:126: cmTC_ac170/fast] Error 2



Build output check failed:
    Regex: 'command[- ]line option .* is valid for .* but not for C\+\+'
    Output line: 'cc1plus.exe: warning: command line option '-Wno-missing-prototypes' is valid for C/ObjC but not for C++'
Compilation failed:
    source file: 'E:/Program/Linux/Linux_Projects/ARM-DoorLock-Project/build-opencv-4.5.2-Desktop_Qt_5_14_2_MinGW_64_bit-Release/CMakeFiles/CMakeTmp/src.cxx'
    check option: ' -Wno-missing-prototypes'
===== BUILD LOG =====
Change Dir: E:/Program/Linux/Linux_Projects/ARM-DoorLock-Project/build-opencv-4.5.2-Desktop_Qt_5_14_2_MinGW_64_bit-Release/CMakeFiles/CMakeTmp

Run Build Command(s):F:/EXE/QT/Tools/mingw730_64/bin/mingw32-make.exe -f Makefile cmTC_e4fe2/fast && F:/EXE/QT/Tools/mingw730_64/bin/mingw32-make.exe  -f CMakeFiles\cmTC_e4fe2.dir\build.make CMakeFiles/cmTC_e4fe2.dir/build
mingw32-make.exe[1]: Entering directory 'E:/Program/Linux/Linux_Projects/ARM-DoorLock-Project/build-opencv-4.5.2-Desktop_Qt_5_14_2_MinGW_64_bit-Release/CMakeFiles/CMakeTmp'
Building CXX object CMakeFiles/cmTC_e4fe2.dir/src.cxx.obj
F:\EXE\QT\Tools\mingw730_64\bin\g++.exe   -fsigned-char -W -Wall -Werror=return-type -Werror=non-virtual-dtor -Werror=address -Werror=sequence-point -Wformat -Werror=format-security -Wundef -Winit-self -Wpointer-arith -Wshadow -Wsign-promo -Wuninitialized -Wsuggest-override -Wno-delete-non-virtual-dtor -Wno-comment -Wimplicit-fallthrough=3 -Wno-strict-overflow -fdiagnostics-show-option -Wno-long-long -fomit-frame-pointer -ffunction-sections -fdata-sections  -msse -msse2 -msse3 -fvisibility=hidden -fvisibility-inlines-hidden -Wno-missing-declarations -Wno-unused-parameter  -O3 -DNDEBUG  -DNDEBUG    -Wno-missing-prototypes -std=c++11 -o CMakeFiles\cmTC_e4fe2.dir\src.cxx.obj -c E:\Program\Linux\Linux_Projects\ARM-DoorLock-Project\build-opencv-4.5.2-Desktop_Qt_5_14_2_MinGW_64_bit-Release\CMakeFiles\CMakeTmp\src.cxx
cc1plus.exe: warning: command line option '-Wno-missing-prototypes' is valid for C/ObjC but not for C++
E:\Program\Linux\Linux_Projects\ARM-DoorLock-Project\build-opencv-4.5.2-Desktop_Qt_5_14_2_MinGW_64_bit-Release\CMakeFiles\CMakeTmp\src.cxx:1:0: warning: ignoring #pragma   [-Wunknown-pragmas]
 #pragma
 
Linking CXX executable cmTC_e4fe2.exe
F:\EXE\CMake\bin\cmake.exe -E cmake_link_script CMakeFiles\cmTC_e4fe2.dir\link.txt --verbose=1
F:\EXE\CMake\bin\cmake.exe -E rm -f CMakeFiles\cmTC_e4fe2.dir/objects.a
F:\EXE\QT\Tools\mingw730_64\bin\ar.exe qc CMakeFiles\cmTC_e4fe2.dir/objects.a @CMakeFiles\cmTC_e4fe2.dir\objects1.rsp
F:\EXE\QT\Tools\mingw730_64\bin\g++.exe    -fsigned-char -W -Wall -Werror=return-type -Werror=non-virtual-dtor -Werror=address -Werror=sequence-point -Wformat -Werror=format-security -Wundef -Winit-self -Wpointer-arith -Wshadow -Wsign-promo -Wuninitialized -Wsuggest-override -Wno-delete-non-virtual-dtor -Wno-comment -Wimplicit-fallthrough=3 -Wno-strict-overflow -fdiagnostics-show-option -Wno-long-long -fomit-frame-pointer -ffunction-sections -fdata-sections  -msse -msse2 -msse3 -fvisibility=hidden -fvisibility-inlines-hidden -Wno-missing-declarations -Wno-unused-parameter  -O3 -DNDEBUG  -DNDEBUG   -Wl,--gc-sections  -Wl,--whole-archive CMakeFiles\cmTC_e4fe2.dir/objects.a -Wl,--no-whole-archive -o cmTC_e4fe2.exe -Wl,--out-implib,libcmTC_e4fe2.dll.a -Wl,--major-image-version,0,--minor-image-version,0 @CMakeFiles\cmTC_e4fe2.dir\linklibs.rsp
mingw32-make.exe[1]: Leaving directory 'E:/Program/Linux/Linux_Projects/ARM-DoorLock-Project/build-opencv-4.5.2-Desktop_Qt_5_14_2_MinGW_64_bit-Release/CMakeFiles/CMakeTmp'


===== END =====

Build output check failed:
    Regex: 'unrecognized .*option'
    Output line: 'cc1.exe: warning: unrecognized command line option '-Wno-implicit-const-int-float-conversion''
Compilation failed:
    source file: 'E:/Program/Linux/Linux_Projects/ARM-DoorLock-Project/build-opencv-4.5.2-Desktop_Qt_5_14_2_MinGW_64_bit-Release/CMakeFiles/CMakeTmp/src.c'
    check option: ' -Wno-implicit-const-int-float-conversion'
===== BUILD LOG =====
Change Dir: E:/Program/Linux/Linux_Projects/ARM-DoorLock-Project/build-opencv-4.5.2-Desktop_Qt_5_14_2_MinGW_64_bit-Release/CMakeFiles/CMakeTmp

Run Build Command(s):F:/EXE/QT/Tools/mingw730_64/bin/mingw32-make.exe -f Makefile cmTC_161d2/fast && F:/EXE/QT/Tools/mingw730_64/bin/mingw32-make.exe  -f CMakeFiles\cmTC_161d2.dir\build.make CMakeFiles/cmTC_161d2.dir/build
mingw32-make.exe[1]: Entering directory 'E:/Program/Linux/Linux_Projects/ARM-DoorLock-Project/build-opencv-4.5.2-Desktop_Qt_5_14_2_MinGW_64_bit-Release/CMakeFiles/CMakeTmp'
Building C object CMakeFiles/cmTC_161d2.dir/src.c.obj
F:\EXE\QT\Tools\mingw730_64\bin\gcc.exe   -fsigned-char -W -Wall -Werror=return-type -Werror=non-virtual-dtor -Werror=address -Werror=sequence-point -Wformat -Werror=format-security -Wmissing-declarations -Wmissing-prototypes -Wstrict-prototypes -Wundef -Winit-self -Wpointer-arith -Wshadow -Wuninitialized -Wno-comment -Wimplicit-fallthrough=3 -Wno-strict-overflow -fdiagnostics-show-option -Wno-long-long -fomit-frame-pointer -ffunction-sections -fdata-sections  -msse -msse2 -msse3 -fvisibility=hidden  -O3 -DNDEBUG  -DNDEBUG    -Wno-implicit-const-int-float-conversion -o CMakeFiles\cmTC_161d2.dir\src.c.obj -c E:\Program\Linux\Linux_Projects\ARM-DoorLock-Project\build-opencv-4.5.2-Desktop_Qt_5_14_2_MinGW_64_bit-Release\CMakeFiles\CMakeTmp\src.c
E:\Program\Linux\Linux_Projects\ARM-DoorLock-Project\build-opencv-4.5.2-Desktop_Qt_5_14_2_MinGW_64_bit-Release\CMakeFiles\CMakeTmp\src.c:1:0: warning: ignoring #pragma   [-Wunknown-pragmas]
 #pragma
 
cc1.exe: warning: unrecognized command line option '-Wno-implicit-const-int-float-conversion'
Linking C executable cmTC_161d2.exe
F:\EXE\CMake\bin\cmake.exe -E cmake_link_script CMakeFiles\cmTC_161d2.dir\link.txt --verbose=1
F:\EXE\CMake\bin\cmake.exe -E rm -f CMakeFiles\cmTC_161d2.dir/objects.a
F:\EXE\QT\Tools\mingw730_64\bin\ar.exe qc CMakeFiles\cmTC_161d2.dir/objects.a @CMakeFiles\cmTC_161d2.dir\objects1.rsp
F:\EXE\QT\Tools\mingw730_64\bin\gcc.exe    -fsigned-char -W -Wall -Werror=return-type -Werror=non-virtual-dtor -Werror=address -Werror=sequence-point -Wformat -Werror=format-security -Wmissing-declarations -Wmissing-prototypes -Wstrict-prototypes -Wundef -Winit-self -Wpointer-arith -Wshadow -Wuninitialized -Wno-comment -Wimplicit-fallthrough=3 -Wno-strict-overflow -fdiagnostics-show-option -Wno-long-long -fomit-frame-pointer -ffunction-sections -fdata-sections  -msse -msse2 -msse3 -fvisibility=hidden  -O3 -DNDEBUG  -DNDEBUG   -Wl,--gc-sections  -Wl,--whole-archive CMakeFiles\cmTC_161d2.dir/objects.a -Wl,--no-whole-archive -o cmTC_161d2.exe -Wl,--out-implib,libcmTC_161d2.dll.a -Wl,--major-image-version,0,--minor-image-version,0 @CMakeFiles\cmTC_161d2.dir\linklibs.rsp
mingw32-make.exe[1]: Leaving directory 'E:/Program/Linux/Linux_Projects/ARM-DoorLock-Project/build-opencv-4.5.2-Desktop_Qt_5_14_2_MinGW_64_bit-Release/CMakeFiles/CMakeTmp'


===== END =====

Determining if the posix_memalign exist failed with the following output:
Change Dir: E:/Program/Linux/Linux_Projects/ARM-DoorLock-Project/build-opencv-4.5.2-Desktop_Qt_5_14_2_MinGW_64_bit-Release/CMakeFiles/CMakeTmp

Run Build Command(s):F:/EXE/QT/Tools/mingw730_64/bin/mingw32-make.exe -f Makefile cmTC_ff147/fast && F:/EXE/QT/Tools/mingw730_64/bin/mingw32-make.exe  -f CMakeFiles\cmTC_ff147.dir\build.make CMakeFiles/cmTC_ff147.dir/build
mingw32-make.exe[1]: Entering directory 'E:/Program/Linux/Linux_Projects/ARM-DoorLock-Project/build-opencv-4.5.2-Desktop_Qt_5_14_2_MinGW_64_bit-Release/CMakeFiles/CMakeTmp'
Building C object CMakeFiles/cmTC_ff147.dir/CheckSymbolExists.c.obj
F:\EXE\QT\Tools\mingw730_64\bin\gcc.exe -D_POSIX_C_SOURCE=200112L  -fsigned-char -W -Wall    -Wformat -Wmissing-declarations -Wmissing-prototypes -Wstrict-prototypes -Wundef -Winit-self -Wpointer-arith -Wshadow -Wuninitialized -Wno-comment -Wimplicit-fallthrough=3 -Wno-strict-overflow -fdiagnostics-show-option -Wno-long-long -fomit-frame-pointer -ffunction-sections -fdata-sections  -msse -msse2 -msse3 -fvisibility=hidden  -O3 -DNDEBUG  -DNDEBUG -o CMakeFiles\cmTC_ff147.dir\CheckSymbolExists.c.obj -c E:\Program\Linux\Linux_Projects\ARM-DoorLock-Project\build-opencv-4.5.2-Desktop_Qt_5_14_2_MinGW_64_bit-Release\CMakeFiles\CMakeTmp\CheckSymbolExists.c
E:\Program\Linux\Linux_Projects\ARM-DoorLock-Project\build-opencv-4.5.2-Desktop_Qt_5_14_2_MinGW_64_bit-Release\CMakeFiles\CMakeTmp\CheckSymbolExists.c: In function 'main':
E:\Program\Linux\Linux_Projects\ARM-DoorLock-Project\build-opencv-4.5.2-Desktop_Qt_5_14_2_MinGW_64_bit-Release\CMakeFiles\CMakeTmp\CheckSymbolExists.c:8:19: error: 'posix_memalign' undeclared (first use in this function)
   return ((int*)(&posix_memalign))[argc];
                   ^~~~~~~~~~~~~~
E:\Program\Linux\Linux_Projects\ARM-DoorLock-Project\build-opencv-4.5.2-Desktop_Qt_5_14_2_MinGW_64_bit-Release\CMakeFiles\CMakeTmp\CheckSymbolExists.c:8:19: note: each undeclared identifier is reported only once for each function it appears in
E:\Program\Linux\Linux_Projects\ARM-DoorLock-Project\build-opencv-4.5.2-Desktop_Qt_5_14_2_MinGW_64_bit-Release\CMakeFiles\CMakeTmp\CheckSymbolExists.c:4:14: warning: parameter 'argc' set but not used [-Wunused-but-set-parameter]
 int main(int argc, char** argv)
              ^~~~
mingw32-make.exe[1]: *** [CMakeFiles\cmTC_ff147.dir\build.make:77: CMakeFiles/cmTC_ff147.dir/CheckSymbolExists.c.obj] Error 1
mingw32-make.exe[1]: Leaving directory 'E:/Program/Linux/Linux_Projects/ARM-DoorLock-Project/build-opencv-4.5.2-Desktop_Qt_5_14_2_MinGW_64_bit-Release/CMakeFiles/CMakeTmp'
mingw32-make.exe: *** [Makefile:126: cmTC_ff147/fast] Error 2


File E:/Program/Linux/Linux_Projects/ARM-DoorLock-Project/build-opencv-4.5.2-Desktop_Qt_5_14_2_MinGW_64_bit-Release/CMakeFiles/CMakeTmp/CheckSymbolExists.c:
/* */
#include <stdlib.h>

int main(int argc, char** argv)
{
  (void)argv;
#ifndef posix_memalign
  return ((int*)(&posix_memalign))[argc];
#else
  (void)argc;
  return 0;
#endif
}
Determining if the memalign exist failed with the following output:
Change Dir: E:/Program/Linux/Linux_Projects/ARM-DoorLock-Project/build-opencv-4.5.2-Desktop_Qt_5_14_2_MinGW_64_bit-Release/CMakeFiles/CMakeTmp

Run Build Command(s):F:/EXE/QT/Tools/mingw730_64/bin/mingw32-make.exe -f Makefile cmTC_8c4b9/fast && F:/EXE/QT/Tools/mingw730_64/bin/mingw32-make.exe  -f CMakeFiles\cmTC_8c4b9.dir\build.make CMakeFiles/cmTC_8c4b9.dir/build
mingw32-make.exe[1]: Entering directory 'E:/Program/Linux/Linux_Projects/ARM-DoorLock-Project/build-opencv-4.5.2-Desktop_Qt_5_14_2_MinGW_64_bit-Release/CMakeFiles/CMakeTmp'
Building C object CMakeFiles/cmTC_8c4b9.dir/CheckSymbolExists.c.obj
F:\EXE\QT\Tools\mingw730_64\bin\gcc.exe   -fsigned-char -W -Wall    -Wformat -Wmissing-declarations -Wmissing-prototypes -Wstrict-prototypes -Wundef -Winit-self -Wpointer-arith -Wshadow -Wuninitialized -Wno-comment -Wimplicit-fallthrough=3 -Wno-strict-overflow -fdiagnostics-show-option -Wno-long-long -fomit-frame-pointer -ffunction-sections -fdata-sections  -msse -msse2 -msse3 -fvisibility=hidden  -O3 -DNDEBUG  -DNDEBUG -o CMakeFiles\cmTC_8c4b9.dir\CheckSymbolExists.c.obj -c E:\Program\Linux\Linux_Projects\ARM-DoorLock-Project\build-opencv-4.5.2-Desktop_Qt_5_14_2_MinGW_64_bit-Release\CMakeFiles\CMakeTmp\CheckSymbolExists.c
E:\Program\Linux\Linux_Projects\ARM-DoorLock-Project\build-opencv-4.5.2-Desktop_Qt_5_14_2_MinGW_64_bit-Release\CMakeFiles\CMakeTmp\CheckSymbolExists.c: In function 'main':
E:\Program\Linux\Linux_Projects\ARM-DoorLock-Project\build-opencv-4.5.2-Desktop_Qt_5_14_2_MinGW_64_bit-Release\CMakeFiles\CMakeTmp\CheckSymbolExists.c:8:19: error: 'memalign' undeclared (first use in this function); did you mean 'main'?
   return ((int*)(&memalign))[argc];
                   ^~~~~~~~
                   main
E:\Program\Linux\Linux_Projects\ARM-DoorLock-Project\build-opencv-4.5.2-Desktop_Qt_5_14_2_MinGW_64_bit-Release\CMakeFiles\CMakeTmp\CheckSymbolExists.c:8:19: note: each undeclared identifier is reported only once for each function it appears in
E:\Program\Linux\Linux_Projects\ARM-DoorLock-Project\build-opencv-4.5.2-Desktop_Qt_5_14_2_MinGW_64_bit-Release\CMakeFiles\CMakeTmp\CheckSymbolExists.c:4:14: warning: parameter 'argc' set but not used [-Wunused-but-set-parameter]
 int main(int argc, char** argv)
              ^~~~
mingw32-make.exe[1]: *** [CMakeFiles\cmTC_8c4b9.dir\build.make:77: CMakeFiles/cmTC_8c4b9.dir/CheckSymbolExists.c.obj] Error 1
mingw32-make.exe[1]: Leaving directory 'E:/Program/Linux/Linux_Projects/ARM-DoorLock-Project/build-opencv-4.5.2-Desktop_Qt_5_14_2_MinGW_64_bit-Release/CMakeFiles/CMakeTmp'
mingw32-make.exe: *** [Makefile:126: cmTC_8c4b9/fast] Error 2


File E:/Program/Linux/Linux_Projects/ARM-DoorLock-Project/build-opencv-4.5.2-Desktop_Qt_5_14_2_MinGW_64_bit-Release/CMakeFiles/CMakeTmp/CheckSymbolExists.c:
/* */
#include <malloc.h>

int main(int argc, char** argv)
{
  (void)argv;
#ifndef memalign
  return ((int*)(&memalign))[argc];
#else
  (void)argc;
  return 0;
#endif
}
Build output check failed:
    Regex: 'unrecognized .*option'
    Output line: 'cc1.exe: warning: unrecognized command line option '-Wno-cast-function-type''
Compilation failed:
    source file: 'E:/Program/Linux/Linux_Projects/ARM-DoorLock-Project/build-opencv-4.5.2-Desktop_Qt_5_14_2_MinGW_64_bit-Release/CMakeFiles/CMakeTmp/src.c'
    check option: ' -Wno-cast-function-type'
===== BUILD LOG =====
Change Dir: E:/Program/Linux/Linux_Projects/ARM-DoorLock-Project/build-opencv-4.5.2-Desktop_Qt_5_14_2_MinGW_64_bit-Release/CMakeFiles/CMakeTmp

Run Build Command(s):F:/EXE/QT/Tools/mingw730_64/bin/mingw32-make.exe -f Makefile cmTC_d4f56/fast && F:/EXE/QT/Tools/mingw730_64/bin/mingw32-make.exe  -f CMakeFiles\cmTC_d4f56.dir\build.make CMakeFiles/cmTC_d4f56.dir/build
mingw32-make.exe[1]: Entering directory 'E:/Program/Linux/Linux_Projects/ARM-DoorLock-Project/build-opencv-4.5.2-Desktop_Qt_5_14_2_MinGW_64_bit-Release/CMakeFiles/CMakeTmp'
Building C object CMakeFiles/cmTC_d4f56.dir/src.c.obj
F:\EXE\QT\Tools\mingw730_64\bin\gcc.exe   -fsigned-char -W -Wall -Werror=return-type -Werror=non-virtual-dtor -Werror=address -Werror=sequence-point -Wformat -Werror=format-security -Wmissing-declarations -Wmissing-prototypes -Winit-self -Wpointer-arith -Wshadow -Wuninitialized -Wno-comment -Wimplicit-fallthrough=3 -Wno-strict-overflow -fdiagnostics-show-option -Wno-long-long -fomit-frame-pointer -ffunction-sections -fdata-sections  -msse -msse2 -msse3 -fvisibility=hidden -Wno-undef -Wno-strict-prototypes  -O3 -DNDEBUG  -DNDEBUG    -Wno-cast-function-type -o CMakeFiles\cmTC_d4f56.dir\src.c.obj -c E:\Program\Linux\Linux_Projects\ARM-DoorLock-Project\build-opencv-4.5.2-Desktop_Qt_5_14_2_MinGW_64_bit-Release\CMakeFiles\CMakeTmp\src.c
E:\Program\Linux\Linux_Projects\ARM-DoorLock-Project\build-opencv-4.5.2-Desktop_Qt_5_14_2_MinGW_64_bit-Release\CMakeFiles\CMakeTmp\src.c:1:0: warning: ignoring #pragma   [-Wunknown-pragmas]
 #pragma
 
cc1.exe: warning: unrecognized command line option '-Wno-cast-function-type'
Linking C executable cmTC_d4f56.exe
F:\EXE\CMake\bin\cmake.exe -E cmake_link_script CMakeFiles\cmTC_d4f56.dir\link.txt --verbose=1
F:\EXE\CMake\bin\cmake.exe -E rm -f CMakeFiles\cmTC_d4f56.dir/objects.a
F:\EXE\QT\Tools\mingw730_64\bin\ar.exe qc CMakeFiles\cmTC_d4f56.dir/objects.a @CMakeFiles\cmTC_d4f56.dir\objects1.rsp
F:\EXE\QT\Tools\mingw730_64\bin\gcc.exe    -fsigned-char -W -Wall -Werror=return-type -Werror=non-virtual-dtor -Werror=address -Werror=sequence-point -Wformat -Werror=format-security -Wmissing-declarations -Wmissing-prototypes -Winit-self -Wpointer-arith -Wshadow -Wuninitialized -Wno-comment -Wimplicit-fallthrough=3 -Wno-strict-overflow -fdiagnostics-show-option -Wno-long-long -fomit-frame-pointer -ffunction-sections -fdata-sections  -msse -msse2 -msse3 -fvisibility=hidden -Wno-undef -Wno-strict-prototypes  -O3 -DNDEBUG  -DNDEBUG   -Wl,--gc-sections  -Wl,--whole-archive CMakeFiles\cmTC_d4f56.dir/objects.a -Wl,--no-whole-archive -o cmTC_d4f56.exe -Wl,--out-implib,libcmTC_d4f56.dll.a -Wl,--major-image-version,0,--minor-image-version,0 @CMakeFiles\cmTC_d4f56.dir\linklibs.rsp
mingw32-make.exe[1]: Leaving directory 'E:/Program/Linux/Linux_Projects/ARM-DoorLock-Project/build-opencv-4.5.2-Desktop_Qt_5_14_2_MinGW_64_bit-Release/CMakeFiles/CMakeTmp'


===== END =====

Build output check failed:
    Regex: 'unrecognized .*option'
    Output line: 'cc1plus.exe: warning: unrecognized command line option '-Wno-inconsistent-missing-override''
Compilation failed:
    source file: 'E:/Program/Linux/Linux_Projects/ARM-DoorLock-Project/build-opencv-4.5.2-Desktop_Qt_5_14_2_MinGW_64_bit-Release/CMakeFiles/CMakeTmp/src.cxx'
    check option: ' -Wno-inconsistent-missing-override'
===== BUILD LOG =====
Change Dir: E:/Program/Linux/Linux_Projects/ARM-DoorLock-Project/build-opencv-4.5.2-Desktop_Qt_5_14_2_MinGW_64_bit-Release/CMakeFiles/CMakeTmp

Run Build Command(s):F:/EXE/QT/Tools/mingw730_64/bin/mingw32-make.exe -f Makefile cmTC_2c811/fast && F:/EXE/QT/Tools/mingw730_64/bin/mingw32-make.exe  -f CMakeFiles\cmTC_2c811.dir\build.make CMakeFiles/cmTC_2c811.dir/build
mingw32-make.exe[1]: Entering directory 'E:/Program/Linux/Linux_Projects/ARM-DoorLock-Project/build-opencv-4.5.2-Desktop_Qt_5_14_2_MinGW_64_bit-Release/CMakeFiles/CMakeTmp'
Building CXX object CMakeFiles/cmTC_2c811.dir/src.cxx.obj
F:\EXE\QT\Tools\mingw730_64\bin\g++.exe   -fsigned-char -W -Wall -Werror=return-type -Werror=non-virtual-dtor -Werror=address -Werror=sequence-point -Wformat -Werror=format-security -Winit-self -Wpointer-arith -Wsign-promo -Wno-delete-non-virtual-dtor -Wno-comment -Wimplicit-fallthrough=3 -Wno-strict-overflow -fdiagnostics-show-option -Wno-long-long -fomit-frame-pointer -ffunction-sections -fdata-sections  -msse -msse2 -msse3 -fvisibility=hidden -fvisibility-inlines-hidden -Wno-shadow -Wno-unused -Wno-sign-compare -Wno-undef -Wno-missing-declarations -Wno-uninitialized -Wno-switch -Wno-parentheses -Wno-array-bounds -Wno-extra -Wno-deprecated-declarations -Wno-misleading-indentation -Wno-deprecated -Wno-suggest-override  -O3 -DNDEBUG  -DNDEBUG    -Wno-inconsistent-missing-override -std=c++11 -o CMakeFiles\cmTC_2c811.dir\src.cxx.obj -c E:\Program\Linux\Linux_Projects\ARM-DoorLock-Project\build-opencv-4.5.2-Desktop_Qt_5_14_2_MinGW_64_bit-Release\CMakeFiles\CMakeTmp\src.cxx
E:\Program\Linux\Linux_Projects\ARM-DoorLock-Project\build-opencv-4.5.2-Desktop_Qt_5_14_2_MinGW_64_bit-Release\CMakeFiles\CMakeTmp\src.cxx:1:0: warning: ignoring #pragma   [-Wunknown-pragmas]
 #pragma
 
cc1plus.exe: warning: unrecognized command line option '-Wno-inconsistent-missing-override'
Linking CXX executable cmTC_2c811.exe
F:\EXE\CMake\bin\cmake.exe -E cmake_link_script CMakeFiles\cmTC_2c811.dir\link.txt --verbose=1
F:\EXE\CMake\bin\cmake.exe -E rm -f CMakeFiles\cmTC_2c811.dir/objects.a
F:\EXE\QT\Tools\mingw730_64\bin\ar.exe qc CMakeFiles\cmTC_2c811.dir/objects.a @CMakeFiles\cmTC_2c811.dir\objects1.rsp
F:\EXE\QT\Tools\mingw730_64\bin\g++.exe    -fsigned-char -W -Wall -Werror=return-type -Werror=non-virtual-dtor -Werror=address -Werror=sequence-point -Wformat -Werror=format-security -Winit-self -Wpointer-arith -Wsign-promo -Wno-delete-non-virtual-dtor -Wno-comment -Wimplicit-fallthrough=3 -Wno-strict-overflow -fdiagnostics-show-option -Wno-long-long -fomit-frame-pointer -ffunction-sections -fdata-sections  -msse -msse2 -msse3 -fvisibility=hidden -fvisibility-inlines-hidden -Wno-shadow -Wno-unused -Wno-sign-compare -Wno-undef -Wno-missing-declarations -Wno-uninitialized -Wno-switch -Wno-parentheses -Wno-array-bounds -Wno-extra -Wno-deprecated-declarations -Wno-misleading-indentation -Wno-deprecated -Wno-suggest-override  -O3 -DNDEBUG  -DNDEBUG   -Wl,--gc-sections  -Wl,--whole-archive CMakeFiles\cmTC_2c811.dir/objects.a -Wl,--no-whole-archive -o cmTC_2c811.exe -Wl,--out-implib,libcmTC_2c811.dll.a -Wl,--major-image-version,0,--minor-image-version,0 @CMakeFiles\cmTC_2c811.dir\linklibs.rsp
mingw32-make.exe[1]: Leaving directory 'E:/Program/Linux/Linux_Projects/ARM-DoorLock-Project/build-opencv-4.5.2-Desktop_Qt_5_14_2_MinGW_64_bit-Release/CMakeFiles/CMakeTmp'


===== END =====

Build output check failed:
    Regex: 'unrecognized .*option'
    Output line: 'cc1plus.exe: warning: unrecognized command line option '-Wno-implicit-const-int-float-conversion''
Compilation failed:
    source file: 'E:/Program/Linux/Linux_Projects/ARM-DoorLock-Project/build-opencv-4.5.2-Desktop_Qt_5_14_2_MinGW_64_bit-Release/CMakeFiles/CMakeTmp/src.cxx'
    check option: ' -Wno-implicit-const-int-float-conversion'
===== BUILD LOG =====
Change Dir: E:/Program/Linux/Linux_Projects/ARM-DoorLock-Project/build-opencv-4.5.2-Desktop_Qt_5_14_2_MinGW_64_bit-Release/CMakeFiles/CMakeTmp

Run Build Command(s):F:/EXE/QT/Tools/mingw730_64/bin/mingw32-make.exe -f Makefile cmTC_6d997/fast && F:/EXE/QT/Tools/mingw730_64/bin/mingw32-make.exe  -f CMakeFiles\cmTC_6d997.dir\build.make CMakeFiles/cmTC_6d997.dir/build
mingw32-make.exe[1]: Entering directory 'E:/Program/Linux/Linux_Projects/ARM-DoorLock-Project/build-opencv-4.5.2-Desktop_Qt_5_14_2_MinGW_64_bit-Release/CMakeFiles/CMakeTmp'
Building CXX object CMakeFiles/cmTC_6d997.dir/src.cxx.obj
F:\EXE\QT\Tools\mingw730_64\bin\g++.exe   -fsigned-char -W -Wall -Werror=return-type -Werror=non-virtual-dtor -Werror=address -Werror=sequence-point -Wformat -Werror=format-security -Winit-self -Wpointer-arith -Wsign-promo -Wno-delete-non-virtual-dtor -Wno-comment -Wno-strict-overflow -fdiagnostics-show-option -Wno-long-long -fomit-frame-pointer -ffunction-sections -fdata-sections  -msse -msse2 -msse3 -fvisibility=hidden -fvisibility-inlines-hidden -Wno-shadow -Wno-unused -Wno-sign-compare -Wno-undef -Wno-missing-declarations -Wno-uninitialized -Wno-switch -Wno-parentheses -Wno-array-bounds -Wno-extra -Wno-deprecated-declarations -Wno-misleading-indentation -Wno-deprecated -Wno-suggest-override -Wno-implicit-fallthrough -Wno-tautological-compare -Wno-reorder -Wno-unused-result  -O3 -DNDEBUG  -DNDEBUG    -Wno-implicit-const-int-float-conversion -std=c++11 -o CMakeFiles\cmTC_6d997.dir\src.cxx.obj -c E:\Program\Linux\Linux_Projects\ARM-DoorLock-Project\build-opencv-4.5.2-Desktop_Qt_5_14_2_MinGW_64_bit-Release\CMakeFiles\CMakeTmp\src.cxx
E:\Program\Linux\Linux_Projects\ARM-DoorLock-Project\build-opencv-4.5.2-Desktop_Qt_5_14_2_MinGW_64_bit-Release\CMakeFiles\CMakeTmp\src.cxx:1:0: warning: ignoring #pragma   [-Wunknown-pragmas]
 #pragma
 
cc1plus.exe: warning: unrecognized command line option '-Wno-implicit-const-int-float-conversion'
Linking CXX executable cmTC_6d997.exe
F:\EXE\CMake\bin\cmake.exe -E cmake_link_script CMakeFiles\cmTC_6d997.dir\link.txt --verbose=1
F:\EXE\CMake\bin\cmake.exe -E rm -f CMakeFiles\cmTC_6d997.dir/objects.a
F:\EXE\QT\Tools\mingw730_64\bin\ar.exe qc CMakeFiles\cmTC_6d997.dir/objects.a @CMakeFiles\cmTC_6d997.dir\objects1.rsp
F:\EXE\QT\Tools\mingw730_64\bin\g++.exe    -fsigned-char -W -Wall -Werror=return-type -Werror=non-virtual-dtor -Werror=address -Werror=sequence-point -Wformat -Werror=format-security -Winit-self -Wpointer-arith -Wsign-promo -Wno-delete-non-virtual-dtor -Wno-comment -Wno-strict-overflow -fdiagnostics-show-option -Wno-long-long -fomit-frame-pointer -ffunction-sections -fdata-sections  -msse -msse2 -msse3 -fvisibility=hidden -fvisibility-inlines-hidden -Wno-shadow -Wno-unused -Wno-sign-compare -Wno-undef -Wno-missing-declarations -Wno-uninitialized -Wno-switch -Wno-parentheses -Wno-array-bounds -Wno-extra -Wno-deprecated-declarations -Wno-misleading-indentation -Wno-deprecated -Wno-suggest-override -Wno-implicit-fallthrough -Wno-tautological-compare -Wno-reorder -Wno-unused-result  -O3 -DNDEBUG  -DNDEBUG   -Wl,--gc-sections  -Wl,--whole-archive CMakeFiles\cmTC_6d997.dir/objects.a -Wl,--no-whole-archive -o cmTC_6d997.exe -Wl,--out-implib,libcmTC_6d997.dll.a -Wl,--major-image-version,0,--minor-image-version,0 @CMakeFiles\cmTC_6d997.dir\linklibs.rsp
mingw32-make.exe[1]: Leaving directory 'E:/Program/Linux/Linux_Projects/ARM-DoorLock-Project/build-opencv-4.5.2-Desktop_Qt_5_14_2_MinGW_64_bit-Release/CMakeFiles/CMakeTmp'


===== END =====

Determining if the function sgemm_ exists failed with the following output:
Change Dir: E:/Program/Linux/Linux_Projects/ARM-DoorLock-Project/build-opencv-4.5.2-Desktop_Qt_5_14_2_MinGW_64_bit-Release/CMakeFiles/CMakeTmp

Run Build Command(s):F:/EXE/QT/Tools/mingw730_64/bin/mingw32-make.exe -f Makefile cmTC_ff977/fast && F:/EXE/QT/Tools/mingw730_64/bin/mingw32-make.exe  -f CMakeFiles\cmTC_ff977.dir\build.make CMakeFiles/cmTC_ff977.dir/build
mingw32-make.exe[1]: Entering directory 'E:/Program/Linux/Linux_Projects/ARM-DoorLock-Project/build-opencv-4.5.2-Desktop_Qt_5_14_2_MinGW_64_bit-Release/CMakeFiles/CMakeTmp'
Building C object CMakeFiles/cmTC_ff977.dir/CheckFunctionExists.c.obj
F:\EXE\QT\Tools\mingw730_64\bin\gcc.exe   -fsigned-char -W -Wall -Werror=return-type -Werror=non-virtual-dtor -Werror=address -Werror=sequence-point -Wformat -Werror=format-security -Wmissing-declarations -Wmissing-prototypes -Wstrict-prototypes -Wundef -Winit-self -Wpointer-arith -Wshadow -Wuninitialized -Wno-comment -Wimplicit-fallthrough=3 -Wno-strict-overflow -fdiagnostics-show-option -Wno-long-long -fomit-frame-pointer -ffunction-sections -fdata-sections  -msse -msse2 -msse3 -fvisibility=hidden -DCHECK_FUNCTION_EXISTS=sgemm_ -O3 -DNDEBUG  -DNDEBUG -o CMakeFiles\cmTC_ff977.dir\CheckFunctionExists.c.obj -c F:\EXE\CMake\share\cmake-3.24\Modules\CheckFunctionExists.c
Linking C executable cmTC_ff977.exe
F:\EXE\CMake\bin\cmake.exe -E cmake_link_script CMakeFiles\cmTC_ff977.dir\link.txt --verbose=1
F:\EXE\CMake\bin\cmake.exe -E rm -f CMakeFiles\cmTC_ff977.dir/objects.a
F:\EXE\QT\Tools\mingw730_64\bin\ar.exe qc CMakeFiles\cmTC_ff977.dir/objects.a @CMakeFiles\cmTC_ff977.dir\objects1.rsp
F:\EXE\QT\Tools\mingw730_64\bin\gcc.exe    -fsigned-char -W -Wall -Werror=return-type -Werror=non-virtual-dtor -Werror=address -Werror=sequence-point -Wformat -Werror=format-security -Wmissing-declarations -Wmissing-prototypes -Wstrict-prototypes -Wundef -Winit-self -Wpointer-arith -Wshadow -Wuninitialized -Wno-comment -Wimplicit-fallthrough=3 -Wno-strict-overflow -fdiagnostics-show-option -Wno-long-long -fomit-frame-pointer -ffunction-sections -fdata-sections  -msse -msse2 -msse3 -fvisibility=hidden -DCHECK_FUNCTION_EXISTS=sgemm_ -O3 -DNDEBUG  -DNDEBUG   -Wl,--gc-sections  -Wl,--whole-archive CMakeFiles\cmTC_ff977.dir/objects.a -Wl,--no-whole-archive -o cmTC_ff977.exe -Wl,--out-implib,libcmTC_ff977.dll.a -Wl,--major-image-version,0,--minor-image-version,0 @CMakeFiles\cmTC_ff977.dir\linklibs.rsp
CMakeFiles\cmTC_ff977.dir/objects.a(CheckFunctionExists.c.obj):CheckFunctionExists.c:(.text.startup.main+0x11): undefined reference to `sgemm_'
collect2.exe: error: ld returned 1 exit status
mingw32-make.exe[1]: *** [CMakeFiles\cmTC_ff977.dir\build.make:100: cmTC_ff977.exe] Error 1
mingw32-make.exe[1]: Leaving directory 'E:/Program/Linux/Linux_Projects/ARM-DoorLock-Project/build-opencv-4.5.2-Desktop_Qt_5_14_2_MinGW_64_bit-Release/CMakeFiles/CMakeTmp'
mingw32-make.exe: *** [Makefile:126: cmTC_ff977/fast] Error 2



Build output check failed:
    Regex: 'unrecognized .*option'
    Output line: 'cc1plus.exe: warning: unrecognized command line option '-Wno-tautological-undefined-compare''
Compilation failed:
    source file: 'E:/Program/Linux/Linux_Projects/ARM-DoorLock-Project/build-opencv-4.5.2-Desktop_Qt_5_14_2_MinGW_64_bit-Release/CMakeFiles/CMakeTmp/src.cxx'
    check option: ' -Wno-tautological-undefined-compare'
===== BUILD LOG =====
Change Dir: E:/Program/Linux/Linux_Projects/ARM-DoorLock-Project/build-opencv-4.5.2-Desktop_Qt_5_14_2_MinGW_64_bit-Release/CMakeFiles/CMakeTmp

Run Build Command(s):F:/EXE/QT/Tools/mingw730_64/bin/mingw32-make.exe -f Makefile cmTC_67e63/fast && F:/EXE/QT/Tools/mingw730_64/bin/mingw32-make.exe  -f CMakeFiles\cmTC_67e63.dir\build.make CMakeFiles/cmTC_67e63.dir/build
mingw32-make.exe[1]: Entering directory 'E:/Program/Linux/Linux_Projects/ARM-DoorLock-Project/build-opencv-4.5.2-Desktop_Qt_5_14_2_MinGW_64_bit-Release/CMakeFiles/CMakeTmp'
Building CXX object CMakeFiles/cmTC_67e63.dir/src.cxx.obj
F:\EXE\QT\Tools\mingw730_64\bin\g++.exe   -fsigned-char -W -Wall -Werror=return-type -Werror=non-virtual-dtor -Werror=address -Werror=sequence-point -Wformat -Werror=format-security -Winit-self -Wpointer-arith -Wuninitialized -Wsuggest-override -Wno-delete-non-virtual-dtor -Wno-comment -Wimplicit-fallthrough=3 -Wno-strict-overflow -fdiagnostics-show-option -Wno-long-long -fomit-frame-pointer -ffunction-sections -fdata-sections  -msse -msse2 -msse3 -fvisibility=hidden -fvisibility-inlines-hidden -Wno-deprecated -Wno-missing-declarations -Wno-shadow -Wno-unused-parameter -Wno-unused-local-typedefs -Wno-sign-compare -Wno-sign-promo -Wno-undef  -O3 -DNDEBUG  -DNDEBUG    -Wno-tautological-undefined-compare -std=c++11 -o CMakeFiles\cmTC_67e63.dir\src.cxx.obj -c E:\Program\Linux\Linux_Projects\ARM-DoorLock-Project\build-opencv-4.5.2-Desktop_Qt_5_14_2_MinGW_64_bit-Release\CMakeFiles\CMakeTmp\src.cxx
E:\Program\Linux\Linux_Projects\ARM-DoorLock-Project\build-opencv-4.5.2-Desktop_Qt_5_14_2_MinGW_64_bit-Release\CMakeFiles\CMakeTmp\src.cxx:1:0: warning: ignoring #pragma   [-Wunknown-pragmas]
 #pragma
 
cc1plus.exe: warning: unrecognized command line option '-Wno-tautological-undefined-compare'
Linking CXX executable cmTC_67e63.exe
F:\EXE\CMake\bin\cmake.exe -E cmake_link_script CMakeFiles\cmTC_67e63.dir\link.txt --verbose=1
F:\EXE\CMake\bin\cmake.exe -E rm -f CMakeFiles\cmTC_67e63.dir/objects.a
F:\EXE\QT\Tools\mingw730_64\bin\ar.exe qc CMakeFiles\cmTC_67e63.dir/objects.a @CMakeFiles\cmTC_67e63.dir\objects1.rsp
F:\EXE\QT\Tools\mingw730_64\bin\g++.exe    -fsigned-char -W -Wall -Werror=return-type -Werror=non-virtual-dtor -Werror=address -Werror=sequence-point -Wformat -Werror=format-security -Winit-self -Wpointer-arith -Wuninitialized -Wsuggest-override -Wno-delete-non-virtual-dtor -Wno-comment -Wimplicit-fallthrough=3 -Wno-strict-overflow -fdiagnostics-show-option -Wno-long-long -fomit-frame-pointer -ffunction-sections -fdata-sections  -msse -msse2 -msse3 -fvisibility=hidden -fvisibility-inlines-hidden -Wno-deprecated -Wno-missing-declarations -Wno-shadow -Wno-unused-parameter -Wno-unused-local-typedefs -Wno-sign-compare -Wno-sign-promo -Wno-undef  -O3 -DNDEBUG  -DNDEBUG   -Wl,--gc-sections  -Wl,--whole-archive CMakeFiles\cmTC_67e63.dir/objects.a -Wl,--no-whole-archive -o cmTC_67e63.exe -Wl,--out-implib,libcmTC_67e63.dll.a -Wl,--major-image-version,0,--minor-image-version,0 @CMakeFiles\cmTC_67e63.dir\linklibs.rsp
mingw32-make.exe[1]: Leaving directory 'E:/Program/Linux/Linux_Projects/ARM-DoorLock-Project/build-opencv-4.5.2-Desktop_Qt_5_14_2_MinGW_64_bit-Release/CMakeFiles/CMakeTmp'


===== END =====

Build output check failed:
    Regex: 'unrecognized .*option'
    Output line: 'cc1plus.exe: warning: unrecognized command line option '-Wno-shorten-64-to-32''
Compilation failed:
    source file: 'E:/Program/Linux/Linux_Projects/ARM-DoorLock-Project/build-opencv-4.5.2-Desktop_Qt_5_14_2_MinGW_64_bit-Release/CMakeFiles/CMakeTmp/src.cxx'
    check option: ' -Wno-shorten-64-to-32'
===== BUILD LOG =====
Change Dir: E:/Program/Linux/Linux_Projects/ARM-DoorLock-Project/build-opencv-4.5.2-Desktop_Qt_5_14_2_MinGW_64_bit-Release/CMakeFiles/CMakeTmp

Run Build Command(s):F:/EXE/QT/Tools/mingw730_64/bin/mingw32-make.exe -f Makefile cmTC_be1fd/fast && F:/EXE/QT/Tools/mingw730_64/bin/mingw32-make.exe  -f CMakeFiles\cmTC_be1fd.dir\build.make CMakeFiles/cmTC_be1fd.dir/build
mingw32-make.exe[1]: Entering directory 'E:/Program/Linux/Linux_Projects/ARM-DoorLock-Project/build-opencv-4.5.2-Desktop_Qt_5_14_2_MinGW_64_bit-Release/CMakeFiles/CMakeTmp'
Building CXX object CMakeFiles/cmTC_be1fd.dir/src.cxx.obj
F:\EXE\QT\Tools\mingw730_64\bin\g++.exe   -fsigned-char -W -Wall -Werror=return-type -Werror=non-virtual-dtor -Werror=address -Werror=sequence-point -Wformat -Werror=format-security -Winit-self -Wpointer-arith -Wuninitialized -Wsuggest-override -Wno-delete-non-virtual-dtor -Wno-comment -Wimplicit-fallthrough=3 -Wno-strict-overflow -fdiagnostics-show-option -Wno-long-long -fomit-frame-pointer -ffunction-sections -fdata-sections  -msse -msse2 -msse3 -fvisibility=hidden -fvisibility-inlines-hidden -Wno-deprecated -Wno-missing-declarations -Wno-shadow -Wno-unused-parameter -Wno-unused-local-typedefs -Wno-sign-compare -Wno-sign-promo -Wno-undef -Wno-ignored-qualifiers -Wno-extra -Wno-unused-function -Wno-unused-const-variable  -O3 -DNDEBUG  -DNDEBUG    -Wno-shorten-64-to-32 -std=c++11 -o CMakeFiles\cmTC_be1fd.dir\src.cxx.obj -c E:\Program\Linux\Linux_Projects\ARM-DoorLock-Project\build-opencv-4.5.2-Desktop_Qt_5_14_2_MinGW_64_bit-Release\CMakeFiles\CMakeTmp\src.cxx
E:\Program\Linux\Linux_Projects\ARM-DoorLock-Project\build-opencv-4.5.2-Desktop_Qt_5_14_2_MinGW_64_bit-Release\CMakeFiles\CMakeTmp\src.cxx:1:0: warning: ignoring #pragma   [-Wunknown-pragmas]
 #pragma
 
cc1plus.exe: warning: unrecognized command line option '-Wno-shorten-64-to-32'
Linking CXX executable cmTC_be1fd.exe
F:\EXE\CMake\bin\cmake.exe -E cmake_link_script CMakeFiles\cmTC_be1fd.dir\link.txt --verbose=1
F:\EXE\CMake\bin\cmake.exe -E rm -f CMakeFiles\cmTC_be1fd.dir/objects.a
F:\EXE\QT\Tools\mingw730_64\bin\ar.exe qc CMakeFiles\cmTC_be1fd.dir/objects.a @CMakeFiles\cmTC_be1fd.dir\objects1.rsp
F:\EXE\QT\Tools\mingw730_64\bin\g++.exe    -fsigned-char -W -Wall -Werror=return-type -Werror=non-virtual-dtor -Werror=address -Werror=sequence-point -Wformat -Werror=format-security -Winit-self -Wpointer-arith -Wuninitialized -Wsuggest-override -Wno-delete-non-virtual-dtor -Wno-comment -Wimplicit-fallthrough=3 -Wno-strict-overflow -fdiagnostics-show-option -Wno-long-long -fomit-frame-pointer -ffunction-sections -fdata-sections  -msse -msse2 -msse3 -fvisibility=hidden -fvisibility-inlines-hidden -Wno-deprecated -Wno-missing-declarations -Wno-shadow -Wno-unused-parameter -Wno-unused-local-typedefs -Wno-sign-compare -Wno-sign-promo -Wno-undef -Wno-ignored-qualifiers -Wno-extra -Wno-unused-function -Wno-unused-const-variable  -O3 -DNDEBUG  -DNDEBUG   -Wl,--gc-sections  -Wl,--whole-archive CMakeFiles\cmTC_be1fd.dir/objects.a -Wl,--no-whole-archive -o cmTC_be1fd.exe -Wl,--out-implib,libcmTC_be1fd.dll.a -Wl,--major-image-version,0,--minor-image-version,0 @CMakeFiles\cmTC_be1fd.dir\linklibs.rsp
mingw32-make.exe[1]: Leaving directory 'E:/Program/Linux/Linux_Projects/ARM-DoorLock-Project/build-opencv-4.5.2-Desktop_Qt_5_14_2_MinGW_64_bit-Release/CMakeFiles/CMakeTmp'


===== END =====

Build output check failed:
    Regex: 'unrecognized .*option'
    Output line: 'cc1plus.exe: warning: unrecognized command line option '-Wno-enum-compare-switch''
Compilation failed:
    source file: 'E:/Program/Linux/Linux_Projects/ARM-DoorLock-Project/build-opencv-4.5.2-Desktop_Qt_5_14_2_MinGW_64_bit-Release/CMakeFiles/CMakeTmp/src.cxx'
    check option: ' -Wno-enum-compare-switch'
===== BUILD LOG =====
Change Dir: E:/Program/Linux/Linux_Projects/ARM-DoorLock-Project/build-opencv-4.5.2-Desktop_Qt_5_14_2_MinGW_64_bit-Release/CMakeFiles/CMakeTmp

Run Build Command(s):F:/EXE/QT/Tools/mingw730_64/bin/mingw32-make.exe -f Makefile cmTC_9437d/fast && F:/EXE/QT/Tools/mingw730_64/bin/mingw32-make.exe  -f CMakeFiles\cmTC_9437d.dir\build.make CMakeFiles/cmTC_9437d.dir/build
mingw32-make.exe[1]: Entering directory 'E:/Program/Linux/Linux_Projects/ARM-DoorLock-Project/build-opencv-4.5.2-Desktop_Qt_5_14_2_MinGW_64_bit-Release/CMakeFiles/CMakeTmp'
Building CXX object CMakeFiles/cmTC_9437d.dir/src.cxx.obj
F:\EXE\QT\Tools\mingw730_64\bin\g++.exe   -fsigned-char -W -Wall -Werror=return-type -Werror=non-virtual-dtor -Werror=address -Werror=sequence-point -Wformat -Werror=format-security -Winit-self -Wpointer-arith -Wuninitialized -Wsuggest-override -Wno-delete-non-virtual-dtor -Wno-comment -Wimplicit-fallthrough=3 -Wno-strict-overflow -fdiagnostics-show-option -Wno-long-long -fomit-frame-pointer -ffunction-sections -fdata-sections  -msse -msse2 -msse3 -fvisibility=hidden -fvisibility-inlines-hidden -Wno-deprecated -Wno-missing-declarations -Wno-shadow -Wno-unused-parameter -Wno-unused-local-typedefs -Wno-sign-compare -Wno-sign-promo -Wno-undef -Wno-ignored-qualifiers -Wno-extra -Wno-unused-function -Wno-unused-const-variable -Wno-invalid-offsetof  -O3 -DNDEBUG  -DNDEBUG    -Wno-enum-compare-switch -std=c++11 -o CMakeFiles\cmTC_9437d.dir\src.cxx.obj -c E:\Program\Linux\Linux_Projects\ARM-DoorLock-Project\build-opencv-4.5.2-Desktop_Qt_5_14_2_MinGW_64_bit-Release\CMakeFiles\CMakeTmp\src.cxx
E:\Program\Linux\Linux_Projects\ARM-DoorLock-Project\build-opencv-4.5.2-Desktop_Qt_5_14_2_MinGW_64_bit-Release\CMakeFiles\CMakeTmp\src.cxx:1:0: warning: ignoring #pragma   [-Wunknown-pragmas]
 #pragma
 
cc1plus.exe: warning: unrecognized command line option '-Wno-enum-compare-switch'
Linking CXX executable cmTC_9437d.exe
F:\EXE\CMake\bin\cmake.exe -E cmake_link_script CMakeFiles\cmTC_9437d.dir\link.txt --verbose=1
F:\EXE\CMake\bin\cmake.exe -E rm -f CMakeFiles\cmTC_9437d.dir/objects.a
F:\EXE\QT\Tools\mingw730_64\bin\ar.exe qc CMakeFiles\cmTC_9437d.dir/objects.a @CMakeFiles\cmTC_9437d.dir\objects1.rsp
F:\EXE\QT\Tools\mingw730_64\bin\g++.exe    -fsigned-char -W -Wall -Werror=return-type -Werror=non-virtual-dtor -Werror=address -Werror=sequence-point -Wformat -Werror=format-security -Winit-self -Wpointer-arith -Wuninitialized -Wsuggest-override -Wno-delete-non-virtual-dtor -Wno-comment -Wimplicit-fallthrough=3 -Wno-strict-overflow -fdiagnostics-show-option -Wno-long-long -fomit-frame-pointer -ffunction-sections -fdata-sections  -msse -msse2 -msse3 -fvisibility=hidden -fvisibility-inlines-hidden -Wno-deprecated -Wno-missing-declarations -Wno-shadow -Wno-unused-parameter -Wno-unused-local-typedefs -Wno-sign-compare -Wno-sign-promo -Wno-undef -Wno-ignored-qualifiers -Wno-extra -Wno-unused-function -Wno-unused-const-variable -Wno-invalid-offsetof  -O3 -DNDEBUG  -DNDEBUG   -Wl,--gc-sections  -Wl,--whole-archive CMakeFiles\cmTC_9437d.dir/objects.a -Wl,--no-whole-archive -o cmTC_9437d.exe -Wl,--out-implib,libcmTC_9437d.dll.a -Wl,--major-image-version,0,--minor-image-version,0 @CMakeFiles\cmTC_9437d.dir\linklibs.rsp
mingw32-make.exe[1]: Leaving directory 'E:/Program/Linux/Linux_Projects/ARM-DoorLock-Project/build-opencv-4.5.2-Desktop_Qt_5_14_2_MinGW_64_bit-Release/CMakeFiles/CMakeTmp'


===== END =====

